{"/home/runner/work/pipedesk-koa/pipedesk-koa/src/App.tsx": {"path":"/home/runner/work/pipedesk-koa/pipedesk-koa/src/App.tsx","statementMap":{"0":{"start":{"line":71,"column":67},"end":{"line":71,"column":null}},"1":{"start":{"line":72,"column":47},"end":{"line":72,"column":null}},"2":{"start":{"line":73,"column":37},"end":{"line":73,"column":null}},"3":{"start":{"line":74,"column":33},"end":{"line":74,"column":null}},"4":{"start":{"line":75,"column":43},"end":{"line":75,"column":null}},"5":{"start":{"line":76,"column":51},"end":{"line":76,"column":null}},"6":{"start":{"line":77,"column":57},"end":{"line":77,"column":null}},"7":{"start":{"line":78,"column":47},"end":{"line":78,"column":null}},"8":{"start":{"line":79,"column":49},"end":{"line":79,"column":null}},"9":{"start":{"line":80,"column":53},"end":{"line":80,"column":null}},"10":{"start":{"line":81,"column":35},"end":{"line":81,"column":null}},"11":{"start":{"line":82,"column":37},"end":{"line":82,"column":null}},"12":{"start":{"line":83,"column":43},"end":{"line":83,"column":null}},"13":{"start":{"line":84,"column":55},"end":{"line":84,"column":null}},"14":{"start":{"line":85,"column":41},"end":{"line":85,"column":null}},"15":{"start":{"line":87,"column":23},"end":{"line":87,"column":null}},"16":{"start":{"line":89,"column":24},"end":{"line":96,"column":null}},"17":{"start":{"line":90,"column":20},"end":{"line":90,"column":null}},"18":{"start":{"line":91,"column":4},"end":{"line":95,"column":null}},"19":{"start":{"line":92,"column":6},"end":{"line":92,"column":null}},"20":{"start":{"line":94,"column":6},"end":{"line":94,"column":null}},"21":{"start":{"line":98,"column":2},"end":{"line":107,"column":null}},"22":{"start":{"line":109,"column":2},"end":{"line":111,"column":null}},"23":{"start":{"line":113,"column":22},"end":{"line":113,"column":null}},"24":{"start":{"line":115,"column":22},"end":{"line":115,"column":78}},"25":{"start":{"line":115,"column":63},"end":{"line":115,"column":70}},"26":{"start":{"line":117,"column":8},"end":{"line":117,"column":null}},"27":{"start":{"line":118,"column":8},"end":{"line":118,"column":null}},"28":{"start":{"line":119,"column":8},"end":{"line":119,"column":null}},"29":{"start":{"line":120,"column":8},"end":{"line":120,"column":null}},"30":{"start":{"line":135,"column":31},"end":{"line":135,"column":null}},"31":{"start":{"line":144,"column":31},"end":{"line":144,"column":null}},"32":{"start":{"line":153,"column":31},"end":{"line":153,"column":null}},"33":{"start":{"line":161,"column":31},"end":{"line":161,"column":null}},"34":{"start":{"line":171,"column":33},"end":{"line":171,"column":null}},"35":{"start":{"line":202,"column":29},"end":{"line":202,"column":null}},"36":{"start":{"line":209,"column":29},"end":{"line":209,"column":null}},"37":{"start":{"line":222,"column":29},"end":{"line":222,"column":null}},"38":{"start":{"line":260,"column":51},"end":{"line":260,"column":null}},"39":{"start":{"line":267,"column":51},"end":{"line":267,"column":null}},"40":{"start":{"line":273,"column":51},"end":{"line":273,"column":null}},"41":{"start":{"line":279,"column":51},"end":{"line":279,"column":null}},"42":{"start":{"line":285,"column":51},"end":{"line":285,"column":null}},"43":{"start":{"line":291,"column":51},"end":{"line":291,"column":null}},"44":{"start":{"line":297,"column":51},"end":{"line":297,"column":null}},"45":{"start":{"line":302,"column":49},"end":{"line":302,"column":null}},"46":{"start":{"line":307,"column":49},"end":{"line":307,"column":null}},"47":{"start":{"line":339,"column":117},"end":{"line":339,"column":null}},"48":{"start":{"line":403,"column":53},"end":{"line":403,"column":78}},"49":{"start":{"line":422,"column":25},"end":{"line":422,"column":null}},"50":{"start":{"line":431,"column":25},"end":{"line":431,"column":null}},"51":{"start":{"line":440,"column":25},"end":{"line":440,"column":null}},"52":{"start":{"line":449,"column":25},"end":{"line":449,"column":null}},"53":{"start":{"line":457,"column":25},"end":{"line":457,"column":null}}},"fnMap":{"0":{"name":"App","decl":{"start":{"line":70,"column":9},"end":{"line":70,"column":null}},"loc":{"start":{"line":70,"column":9},"end":{"line":466,"column":null}},"line":70},"1":{"name":"(anonymous_1)","decl":{"start":{"line":89,"column":24},"end":{"line":89,"column":null}},"loc":{"start":{"line":89,"column":24},"end":{"line":96,"column":null}},"line":89},"2":{"name":"(anonymous_2)","decl":{"start":{"line":115,"column":51},"end":{"line":115,"column":52}},"loc":{"start":{"line":115,"column":63},"end":{"line":115,"column":70}},"line":115},"3":{"name":"(anonymous_3)","decl":{"start":{"line":135,"column":25},"end":{"line":135,"column":31}},"loc":{"start":{"line":135,"column":31},"end":{"line":135,"column":null}},"line":135},"4":{"name":"(anonymous_4)","decl":{"start":{"line":144,"column":25},"end":{"line":144,"column":31}},"loc":{"start":{"line":144,"column":31},"end":{"line":144,"column":null}},"line":144},"5":{"name":"(anonymous_5)","decl":{"start":{"line":153,"column":25},"end":{"line":153,"column":31}},"loc":{"start":{"line":153,"column":31},"end":{"line":153,"column":null}},"line":153},"6":{"name":"(anonymous_6)","decl":{"start":{"line":161,"column":25},"end":{"line":161,"column":31}},"loc":{"start":{"line":161,"column":31},"end":{"line":161,"column":null}},"line":161},"7":{"name":"(anonymous_7)","decl":{"start":{"line":171,"column":27},"end":{"line":171,"column":33}},"loc":{"start":{"line":171,"column":33},"end":{"line":171,"column":null}},"line":171},"8":{"name":"(anonymous_8)","decl":{"start":{"line":202,"column":23},"end":{"line":202,"column":29}},"loc":{"start":{"line":202,"column":29},"end":{"line":202,"column":null}},"line":202},"9":{"name":"(anonymous_9)","decl":{"start":{"line":209,"column":23},"end":{"line":209,"column":29}},"loc":{"start":{"line":209,"column":29},"end":{"line":209,"column":null}},"line":209},"10":{"name":"(anonymous_10)","decl":{"start":{"line":222,"column":23},"end":{"line":222,"column":29}},"loc":{"start":{"line":222,"column":29},"end":{"line":222,"column":null}},"line":222},"11":{"name":"(anonymous_11)","decl":{"start":{"line":260,"column":45},"end":{"line":260,"column":51}},"loc":{"start":{"line":260,"column":51},"end":{"line":260,"column":null}},"line":260},"12":{"name":"(anonymous_12)","decl":{"start":{"line":267,"column":45},"end":{"line":267,"column":51}},"loc":{"start":{"line":267,"column":51},"end":{"line":267,"column":null}},"line":267},"13":{"name":"(anonymous_13)","decl":{"start":{"line":273,"column":45},"end":{"line":273,"column":51}},"loc":{"start":{"line":273,"column":51},"end":{"line":273,"column":null}},"line":273},"14":{"name":"(anonymous_14)","decl":{"start":{"line":279,"column":45},"end":{"line":279,"column":51}},"loc":{"start":{"line":279,"column":51},"end":{"line":279,"column":null}},"line":279},"15":{"name":"(anonymous_15)","decl":{"start":{"line":285,"column":45},"end":{"line":285,"column":51}},"loc":{"start":{"line":285,"column":51},"end":{"line":285,"column":null}},"line":285},"16":{"name":"(anonymous_16)","decl":{"start":{"line":291,"column":45},"end":{"line":291,"column":51}},"loc":{"start":{"line":291,"column":51},"end":{"line":291,"column":null}},"line":291},"17":{"name":"(anonymous_17)","decl":{"start":{"line":297,"column":45},"end":{"line":297,"column":51}},"loc":{"start":{"line":297,"column":51},"end":{"line":297,"column":null}},"line":297},"18":{"name":"(anonymous_18)","decl":{"start":{"line":302,"column":43},"end":{"line":302,"column":49}},"loc":{"start":{"line":302,"column":49},"end":{"line":302,"column":null}},"line":302},"19":{"name":"(anonymous_19)","decl":{"start":{"line":307,"column":43},"end":{"line":307,"column":49}},"loc":{"start":{"line":307,"column":49},"end":{"line":307,"column":null}},"line":307},"20":{"name":"(anonymous_20)","decl":{"start":{"line":339,"column":111},"end":{"line":339,"column":117}},"loc":{"start":{"line":339,"column":117},"end":{"line":339,"column":null}},"line":339},"21":{"name":"(anonymous_21)","decl":{"start":{"line":403,"column":47},"end":{"line":403,"column":53}},"loc":{"start":{"line":403,"column":53},"end":{"line":403,"column":78}},"line":403},"22":{"name":"(anonymous_22)","decl":{"start":{"line":422,"column":19},"end":{"line":422,"column":25}},"loc":{"start":{"line":422,"column":25},"end":{"line":422,"column":null}},"line":422},"23":{"name":"(anonymous_23)","decl":{"start":{"line":431,"column":19},"end":{"line":431,"column":25}},"loc":{"start":{"line":431,"column":25},"end":{"line":431,"column":null}},"line":431},"24":{"name":"(anonymous_24)","decl":{"start":{"line":440,"column":19},"end":{"line":440,"column":25}},"loc":{"start":{"line":440,"column":25},"end":{"line":440,"column":null}},"line":440},"25":{"name":"(anonymous_25)","decl":{"start":{"line":449,"column":19},"end":{"line":449,"column":25}},"loc":{"start":{"line":449,"column":25},"end":{"line":449,"column":null}},"line":449},"26":{"name":"(anonymous_26)","decl":{"start":{"line":457,"column":19},"end":{"line":457,"column":25}},"loc":{"start":{"line":457,"column":25},"end":{"line":457,"column":null}},"line":457}},"branchMap":{"0":{"loc":{"start":{"line":91,"column":4},"end":{"line":95,"column":null}},"type":"if","locations":[{"start":{"line":91,"column":4},"end":{"line":95,"column":null}},{"start":{"line":93,"column":11},"end":{"line":95,"column":null}}],"line":91},"1":{"loc":{"start":{"line":98,"column":2},"end":{"line":107,"column":null}},"type":"if","locations":[{"start":{"line":98,"column":2},"end":{"line":107,"column":null}},{"start":{},"end":{}}],"line":98},"2":{"loc":{"start":{"line":109,"column":2},"end":{"line":111,"column":null}},"type":"if","locations":[{"start":{"line":109,"column":2},"end":{"line":111,"column":null}},{"start":{},"end":{}}],"line":109},"3":{"loc":{"start":{"line":109,"column":6},"end":{"line":109,"column":36}},"type":"binary-expr","locations":[{"start":{"line":109,"column":6},"end":{"line":109,"column":26}},{"start":{"line":109,"column":26},"end":{"line":109,"column":36}}],"line":109},"4":{"loc":{"start":{"line":115,"column":23},"end":{"line":115,"column":41}},"type":"binary-expr","locations":[{"start":{"line":115,"column":23},"end":{"line":115,"column":40}},{"start":{"line":115,"column":40},"end":{"line":115,"column":41}}],"line":115},"5":{"loc":{"start":{"line":117,"column":39},"end":{"line":117,"column":70}},"type":"binary-expr","locations":[{"start":{"line":117,"column":39},"end":{"line":117,"column":60}},{"start":{"line":117,"column":60},"end":{"line":117,"column":70}}],"line":117},"6":{"loc":{"start":{"line":118,"column":41},"end":{"line":118,"column":72}},"type":"binary-expr","locations":[{"start":{"line":118,"column":41},"end":{"line":118,"column":62}},{"start":{"line":118,"column":62},"end":{"line":118,"column":72}}],"line":118},"7":{"loc":{"start":{"line":119,"column":46},"end":{"line":119,"column":77}},"type":"binary-expr","locations":[{"start":{"line":119,"column":46},"end":{"line":119,"column":67}},{"start":{"line":119,"column":67},"end":{"line":119,"column":77}}],"line":119},"8":{"loc":{"start":{"line":120,"column":42},"end":{"line":120,"column":73}},"type":"binary-expr","locations":[{"start":{"line":120,"column":42},"end":{"line":120,"column":63}},{"start":{"line":120,"column":63},"end":{"line":120,"column":73}}],"line":120},"9":{"loc":{"start":{"line":133,"column":25},"end":{"line":133,"column":null}},"type":"cond-expr","locations":[{"start":{"line":133,"column":55},"end":{"line":133,"column":69}},{"start":{"line":133,"column":69},"end":{"line":133,"column":null}}],"line":133},"10":{"loc":{"start":{"line":142,"column":25},"end":{"line":142,"column":null}},"type":"cond-expr","locations":[{"start":{"line":142,"column":51},"end":{"line":142,"column":65}},{"start":{"line":142,"column":65},"end":{"line":142,"column":null}}],"line":142},"11":{"loc":{"start":{"line":151,"column":25},"end":{"line":151,"column":null}},"type":"cond-expr","locations":[{"start":{"line":151,"column":51},"end":{"line":151,"column":65}},{"start":{"line":151,"column":65},"end":{"line":151,"column":null}}],"line":151},"12":{"loc":{"start":{"line":159,"column":25},"end":{"line":159,"column":null}},"type":"cond-expr","locations":[{"start":{"line":159,"column":52},"end":{"line":159,"column":66}},{"start":{"line":159,"column":66},"end":{"line":159,"column":null}}],"line":159},"13":{"loc":{"start":{"line":169,"column":27},"end":{"line":169,"column":null}},"type":"cond-expr","locations":[{"start":{"line":169,"column":57},"end":{"line":169,"column":71}},{"start":{"line":169,"column":71},"end":{"line":169,"column":null}}],"line":169},"14":{"loc":{"start":{"line":228,"column":19},"end":{"line":228,"column":null}},"type":"cond-expr","locations":[{"start":{"line":228,"column":37},"end":{"line":228,"column":44}},{"start":{"line":228,"column":44},"end":{"line":228,"column":null}}],"line":228},"15":{"loc":{"start":{"line":244,"column":37},"end":{"line":244,"column":null}},"type":"binary-expr","locations":[{"start":{"line":244,"column":37},"end":{"line":244,"column":58}},{"start":{"line":244,"column":58},"end":{"line":244,"column":null}}],"line":244},"16":{"loc":{"start":{"line":248,"column":58},"end":{"line":248,"column":null}},"type":"binary-expr","locations":[{"start":{"line":248,"column":58},"end":{"line":248,"column":79}},{"start":{"line":248,"column":79},"end":{"line":248,"column":null}}],"line":248},"17":{"loc":{"start":{"line":249,"column":68},"end":{"line":249,"column":null}},"type":"binary-expr","locations":[{"start":{"line":249,"column":68},"end":{"line":249,"column":90}},{"start":{"line":249,"column":90},"end":{"line":249,"column":null}}],"line":249},"18":{"loc":{"start":{"line":400,"column":24},"end":{"line":400,"column":null}},"type":"cond-expr","locations":[{"start":{"line":400,"column":40},"end":{"line":400,"column":97}},{"start":{"line":400,"column":97},"end":{"line":400,"column":null}}],"line":400},"19":{"loc":{"start":{"line":420,"column":19},"end":{"line":420,"column":null}},"type":"cond-expr","locations":[{"start":{"line":420,"column":49},"end":{"line":420,"column":63}},{"start":{"line":420,"column":63},"end":{"line":420,"column":null}}],"line":420},"20":{"loc":{"start":{"line":429,"column":19},"end":{"line":429,"column":null}},"type":"cond-expr","locations":[{"start":{"line":429,"column":45},"end":{"line":429,"column":59}},{"start":{"line":429,"column":59},"end":{"line":429,"column":null}}],"line":429},"21":{"loc":{"start":{"line":438,"column":19},"end":{"line":438,"column":null}},"type":"cond-expr","locations":[{"start":{"line":438,"column":45},"end":{"line":438,"column":59}},{"start":{"line":438,"column":59},"end":{"line":438,"column":null}}],"line":438},"22":{"loc":{"start":{"line":447,"column":19},"end":{"line":447,"column":null}},"type":"cond-expr","locations":[{"start":{"line":447,"column":46},"end":{"line":447,"column":60}},{"start":{"line":447,"column":60},"end":{"line":447,"column":null}}],"line":447}},"s":{"0":0,"1":0,"2":0,"3":0,"4":0,"5":0,"6":0,"7":0,"8":0,"9":0,"10":0,"11":0,"12":0,"13":0,"14":0,"15":0,"16":0,"17":0,"18":0,"19":0,"20":0,"21":0,"22":0,"23":0,"24":0,"25":0,"26":0,"27":0,"28":0,"29":0,"30":0,"31":0,"32":0,"33":0,"34":0,"35":0,"36":0,"37":0,"38":0,"39":0,"40":0,"41":0,"42":0,"43":0,"44":0,"45":0,"46":0,"47":0,"48":0,"49":0,"50":0,"51":0,"52":0,"53":0},"f":{"0":0,"1":0,"2":0,"3":0,"4":0,"5":0,"6":0,"7":0,"8":0,"9":0,"10":0,"11":0,"12":0,"13":0,"14":0,"15":0,"16":0,"17":0,"18":0,"19":0,"20":0,"21":0,"22":0,"23":0,"24":0,"25":0,"26":0},"b":{"0":[0,0],"1":[0,0],"2":[0,0],"3":[0,0],"4":[0,0],"5":[0,0],"6":[0,0],"7":[0,0],"8":[0,0],"9":[0,0],"10":[0,0],"11":[0,0],"12":[0,0],"13":[0,0],"14":[0,0],"15":[0,0],"16":[0,0],"17":[0,0],"18":[0,0],"19":[0,0],"20":[0,0],"21":[0,0],"22":[0,0]},"meta":{"lastBranch":23,"lastFunction":27,"lastStatement":54,"seen":{"f:70:9:70:Infinity":0,"s:71:67:71:Infinity":0,"s:72:47:72:Infinity":1,"s:73:37:73:Infinity":2,"s:74:33:74:Infinity":3,"s:75:43:75:Infinity":4,"s:76:51:76:Infinity":5,"s:77:57:77:Infinity":6,"s:78:47:78:Infinity":7,"s:79:49:79:Infinity":8,"s:80:53:80:Infinity":9,"s:81:35:81:Infinity":10,"s:82:37:82:Infinity":11,"s:83:43:83:Infinity":12,"s:84:55:84:Infinity":13,"s:85:41:85:Infinity":14,"s:87:23:87:Infinity":15,"s:89:24:96:Infinity":16,"f:89:24:89:Infinity":1,"s:90:20:90:Infinity":17,"b:91:4:95:Infinity:93:11:95:Infinity":0,"s:91:4:95:Infinity":18,"s:92:6:92:Infinity":19,"s:94:6:94:Infinity":20,"b:98:2:107:Infinity:undefined:undefined:undefined:undefined":1,"s:98:2:107:Infinity":21,"b:109:2:111:Infinity:undefined:undefined:undefined:undefined":2,"s:109:2:111:Infinity":22,"b:109:6:109:26:109:26:109:36":3,"s:113:22:113:Infinity":23,"s:115:22:115:78":24,"b:115:23:115:40:115:40:115:41":4,"f:115:51:115:52":2,"s:115:63:115:70":25,"s:117:8:117:Infinity":26,"b:117:39:117:60:117:60:117:70":5,"s:118:8:118:Infinity":27,"b:118:41:118:62:118:62:118:72":6,"s:119:8:119:Infinity":28,"b:119:46:119:67:119:67:119:77":7,"s:120:8:120:Infinity":29,"b:120:42:120:63:120:63:120:73":8,"b:133:55:133:69:133:69:133:Infinity":9,"f:135:25:135:31":3,"s:135:31:135:Infinity":30,"b:142:51:142:65:142:65:142:Infinity":10,"f:144:25:144:31":4,"s:144:31:144:Infinity":31,"b:151:51:151:65:151:65:151:Infinity":11,"f:153:25:153:31":5,"s:153:31:153:Infinity":32,"b:159:52:159:66:159:66:159:Infinity":12,"f:161:25:161:31":6,"s:161:31:161:Infinity":33,"b:169:57:169:71:169:71:169:Infinity":13,"f:171:27:171:33":7,"s:171:33:171:Infinity":34,"f:202:23:202:29":8,"s:202:29:202:Infinity":35,"f:209:23:209:29":9,"s:209:29:209:Infinity":36,"f:222:23:222:29":10,"s:222:29:222:Infinity":37,"b:228:37:228:44:228:44:228:Infinity":14,"b:244:37:244:58:244:58:244:Infinity":15,"b:248:58:248:79:248:79:248:Infinity":16,"b:249:68:249:90:249:90:249:Infinity":17,"f:260:45:260:51":11,"s:260:51:260:Infinity":38,"f:267:45:267:51":12,"s:267:51:267:Infinity":39,"f:273:45:273:51":13,"s:273:51:273:Infinity":40,"f:279:45:279:51":14,"s:279:51:279:Infinity":41,"f:285:45:285:51":15,"s:285:51:285:Infinity":42,"f:291:45:291:51":16,"s:291:51:291:Infinity":43,"f:297:45:297:51":17,"s:297:51:297:Infinity":44,"f:302:43:302:49":18,"s:302:49:302:Infinity":45,"f:307:43:307:49":19,"s:307:49:307:Infinity":46,"f:339:111:339:117":20,"s:339:117:339:Infinity":47,"b:400:40:400:97:400:97:400:Infinity":18,"f:403:47:403:53":21,"s:403:53:403:78":48,"b:420:49:420:63:420:63:420:Infinity":19,"f:422:19:422:25":22,"s:422:25:422:Infinity":49,"b:429:45:429:59:429:59:429:Infinity":20,"f:431:19:431:25":23,"s:431:25:431:Infinity":50,"b:438:45:438:59:438:59:438:Infinity":21,"f:440:19:440:25":24,"s:440:25:440:Infinity":51,"b:447:46:447:60:447:60:447:Infinity":22,"f:449:19:449:25":25,"s:449:25:449:Infinity":52,"f:457:19:457:25":26,"s:457:25:457:Infinity":53}}}
,"/home/runner/work/pipedesk-koa/pipedesk-koa/src/ErrorFallback.tsx": {"path":"/home/runner/work/pipedesk-koa/pipedesk-koa/src/ErrorFallback.tsx","statementMap":{},"fnMap":{"0":{"name":"ErrorFallback","decl":{"start":{"line":10,"column":24},"end":{"line":10,"column":38}},"loc":{"start":{"line":10,"column":87},"end":{"line":30,"column":null}},"line":10}},"branchMap":{"0":{"loc":{"start":{"line":18,"column":13},"end":{"line":18,"column":null}},"type":"cond-expr","locations":[{"start":{"line":18,"column":35},"end":{"line":18,"column":48}},{"start":{"line":18,"column":51},"end":{"line":18,"column":null}}],"line":18}},"s":{},"f":{"0":0},"b":{"0":[0,0]},"meta":{"lastBranch":1,"lastFunction":1,"lastStatement":0,"seen":{"f:10:24:10:38":0,"b:18:35:18:48:18:51:18:Infinity":0}}}
,"/home/runner/work/pipedesk-koa/pipedesk-koa/src/components/AINextSteps.tsx": {"path":"/home/runner/work/pipedesk-koa/pipedesk-koa/src/components/AINextSteps.tsx","statementMap":{"0":{"start":{"line":24,"column":37},"end":{"line":24,"column":null}},"1":{"start":{"line":25,"column":39},"end":{"line":25,"column":null}},"2":{"start":{"line":26,"column":21},"end":{"line":26,"column":null}},"3":{"start":{"line":27,"column":22},"end":{"line":27,"column":null}},"4":{"start":{"line":28,"column":15},"end":{"line":28,"column":null}},"5":{"start":{"line":29,"column":18},"end":{"line":29,"column":null}},"6":{"start":{"line":31,"column":36},"end":{"line":111,"column":null}},"7":{"start":{"line":32,"column":4},"end":{"line":32,"column":null}},"8":{"start":{"line":34,"column":4},"end":{"line":110,"column":null}},"9":{"start":{"line":35,"column":24},"end":{"line":35,"column":null}},"10":{"start":{"line":37,"column":6},"end":{"line":68,"column":null}},"11":{"start":{"line":38,"column":21},"end":{"line":38,"column":null}},"12":{"start":{"line":38,"column":51},"end":{"line":38,"column":null}},"13":{"start":{"line":39,"column":30},"end":{"line":39,"column":null}},"14":{"start":{"line":39,"column":63},"end":{"line":39,"column":null}},"15":{"start":{"line":40,"column":29},"end":{"line":40,"column":null}},"16":{"start":{"line":40,"column":58},"end":{"line":40,"column":null}},"17":{"start":{"line":42,"column":8},"end":{"line":50,"column":null}},"18":{"start":{"line":43,"column":10},"end":{"line":49,"column":null}},"19":{"start":{"line":47,"column":50},"end":{"line":47,"column":73}},"20":{"start":{"line":49,"column":55},"end":{"line":49,"column":64}},"21":{"start":{"line":51,"column":13},"end":{"line":68,"column":null}},"22":{"start":{"line":52,"column":22},"end":{"line":52,"column":null}},"23":{"start":{"line":52,"column":53},"end":{"line":52,"column":null}},"24":{"start":{"line":53,"column":27},"end":{"line":53,"column":null}},"25":{"start":{"line":53,"column":53},"end":{"line":53,"column":null}},"26":{"start":{"line":54,"column":30},"end":{"line":54,"column":null}},"27":{"start":{"line":54,"column":59},"end":{"line":54,"column":null}},"28":{"start":{"line":56,"column":8},"end":{"line":67,"column":null}},"29":{"start":{"line":57,"column":23},"end":{"line":57,"column":null}},"30":{"start":{"line":57,"column":53},"end":{"line":57,"column":80}},"31":{"start":{"line":58,"column":10},"end":{"line":66,"column":null}},"32":{"start":{"line":64,"column":44},"end":{"line":64,"column":56}},"33":{"start":{"line":66,"column":56},"end":{"line":66,"column":65}},"34":{"start":{"line":70,"column":25},"end":{"line":94,"column":2}},"35":{"start":{"line":96,"column":23},"end":{"line":96,"column":null}},"36":{"start":{"line":97,"column":21},"end":{"line":97,"column":null}},"37":{"start":{"line":99,"column":6},"end":{"line":104,"column":null}},"38":{"start":{"line":100,"column":8},"end":{"line":100,"column":null}},"39":{"start":{"line":101,"column":8},"end":{"line":101,"column":null}},"40":{"start":{"line":103,"column":8},"end":{"line":103,"column":null}},"41":{"start":{"line":106,"column":6},"end":{"line":106,"column":null}},"42":{"start":{"line":107,"column":6},"end":{"line":107,"column":null}},"43":{"start":{"line":109,"column":6},"end":{"line":109,"column":null}},"44":{"start":{"line":113,"column":27},"end":{"line":124,"column":null}},"45":{"start":{"line":114,"column":4},"end":{"line":123,"column":null}},"46":{"start":{"line":116,"column":8},"end":{"line":116,"column":null}},"47":{"start":{"line":118,"column":8},"end":{"line":118,"column":null}},"48":{"start":{"line":120,"column":8},"end":{"line":120,"column":null}},"49":{"start":{"line":122,"column":8},"end":{"line":122,"column":null}},"50":{"start":{"line":126,"column":26},"end":{"line":135,"column":null}},"51":{"start":{"line":127,"column":4},"end":{"line":134,"column":null}}},"fnMap":{"0":{"name":"AINextSteps","decl":{"start":{"line":23,"column":24},"end":{"line":23,"column":36}},"loc":{"start":{"line":23,"column":87},"end":{"line":199,"column":null}},"line":23},"1":{"name":"(anonymous_1)","decl":{"start":{"line":31,"column":36},"end":{"line":31,"column":null}},"loc":{"start":{"line":31,"column":36},"end":{"line":111,"column":null}},"line":31},"2":{"name":"(anonymous_2)","decl":{"start":{"line":38,"column":46},"end":{"line":38,"column":51}},"loc":{"start":{"line":38,"column":51},"end":{"line":38,"column":null}},"line":38},"3":{"name":"(anonymous_3)","decl":{"start":{"line":39,"column":58},"end":{"line":39,"column":63}},"loc":{"start":{"line":39,"column":63},"end":{"line":39,"column":null}},"line":39},"4":{"name":"(anonymous_4)","decl":{"start":{"line":40,"column":53},"end":{"line":40,"column":58}},"loc":{"start":{"line":40,"column":58},"end":{"line":40,"column":null}},"line":40},"5":{"name":"(anonymous_5)","decl":{"start":{"line":47,"column":45},"end":{"line":47,"column":50}},"loc":{"start":{"line":47,"column":50},"end":{"line":47,"column":73}},"line":47},"6":{"name":"(anonymous_6)","decl":{"start":{"line":49,"column":50},"end":{"line":49,"column":55}},"loc":{"start":{"line":49,"column":55},"end":{"line":49,"column":64}},"line":49},"7":{"name":"(anonymous_7)","decl":{"start":{"line":52,"column":48},"end":{"line":52,"column":53}},"loc":{"start":{"line":52,"column":53},"end":{"line":52,"column":null}},"line":52},"8":{"name":"(anonymous_8)","decl":{"start":{"line":53,"column":48},"end":{"line":53,"column":53}},"loc":{"start":{"line":53,"column":53},"end":{"line":53,"column":null}},"line":53},"9":{"name":"(anonymous_9)","decl":{"start":{"line":54,"column":54},"end":{"line":54,"column":59}},"loc":{"start":{"line":54,"column":59},"end":{"line":54,"column":null}},"line":54},"10":{"name":"(anonymous_10)","decl":{"start":{"line":57,"column":48},"end":{"line":57,"column":53}},"loc":{"start":{"line":57,"column":53},"end":{"line":57,"column":80}},"line":57},"11":{"name":"(anonymous_11)","decl":{"start":{"line":64,"column":39},"end":{"line":64,"column":44}},"loc":{"start":{"line":64,"column":44},"end":{"line":64,"column":56}},"line":64},"12":{"name":"(anonymous_12)","decl":{"start":{"line":66,"column":51},"end":{"line":66,"column":56}},"loc":{"start":{"line":66,"column":56},"end":{"line":66,"column":65}},"line":66},"13":{"name":"(anonymous_13)","decl":{"start":{"line":113,"column":27},"end":{"line":113,"column":28}},"loc":{"start":{"line":113,"column":28},"end":{"line":124,"column":null}},"line":113},"14":{"name":"(anonymous_14)","decl":{"start":{"line":126,"column":26},"end":{"line":126,"column":27}},"loc":{"start":{"line":126,"column":27},"end":{"line":135,"column":null}},"line":126}},"branchMap":{"0":{"loc":{"start":{"line":37,"column":6},"end":{"line":68,"column":null}},"type":"if","locations":[{"start":{"line":37,"column":6},"end":{"line":68,"column":null}},{"start":{"line":51,"column":13},"end":{"line":68,"column":null}}],"line":37},"1":{"loc":{"start":{"line":38,"column":22},"end":{"line":38,"column":38}},"type":"binary-expr","locations":[{"start":{"line":38,"column":22},"end":{"line":38,"column":37}},{"start":{"line":38,"column":37},"end":{"line":38,"column":38}}],"line":38},"2":{"loc":{"start":{"line":39,"column":31},"end":{"line":39,"column":48}},"type":"binary-expr","locations":[{"start":{"line":39,"column":31},"end":{"line":39,"column":47}},{"start":{"line":39,"column":47},"end":{"line":39,"column":48}}],"line":39},"3":{"loc":{"start":{"line":40,"column":30},"end":{"line":40,"column":43}},"type":"binary-expr","locations":[{"start":{"line":40,"column":30},"end":{"line":40,"column":42}},{"start":{"line":40,"column":42},"end":{"line":40,"column":43}}],"line":40},"4":{"loc":{"start":{"line":40,"column":58},"end":{"line":40,"column":null}},"type":"binary-expr","locations":[{"start":{"line":40,"column":58},"end":{"line":40,"column":83}},{"start":{"line":40,"column":83},"end":{"line":40,"column":null}}],"line":40},"5":{"loc":{"start":{"line":42,"column":8},"end":{"line":50,"column":null}},"type":"if","locations":[{"start":{"line":42,"column":8},"end":{"line":50,"column":null}},{"start":{},"end":{}}],"line":42},"6":{"loc":{"start":{"line":48,"column":15},"end":{"line":48,"column":null}},"type":"binary-expr","locations":[{"start":{"line":48,"column":15},"end":{"line":48,"column":32}},{"start":{"line":48,"column":36},"end":{"line":48,"column":null}}],"line":48},"7":{"loc":{"start":{"line":51,"column":13},"end":{"line":68,"column":null}},"type":"if","locations":[{"start":{"line":51,"column":13},"end":{"line":68,"column":null}},{"start":{},"end":{}}],"line":51},"8":{"loc":{"start":{"line":52,"column":23},"end":{"line":52,"column":40}},"type":"binary-expr","locations":[{"start":{"line":52,"column":23},"end":{"line":52,"column":39}},{"start":{"line":52,"column":39},"end":{"line":52,"column":40}}],"line":52},"9":{"loc":{"start":{"line":53,"column":28},"end":{"line":53,"column":38}},"type":"binary-expr","locations":[{"start":{"line":53,"column":28},"end":{"line":53,"column":37}},{"start":{"line":53,"column":37},"end":{"line":53,"column":38}}],"line":53},"10":{"loc":{"start":{"line":54,"column":31},"end":{"line":54,"column":44}},"type":"binary-expr","locations":[{"start":{"line":54,"column":31},"end":{"line":54,"column":43}},{"start":{"line":54,"column":43},"end":{"line":54,"column":44}}],"line":54},"11":{"loc":{"start":{"line":54,"column":59},"end":{"line":54,"column":null}},"type":"binary-expr","locations":[{"start":{"line":54,"column":59},"end":{"line":54,"column":85}},{"start":{"line":54,"column":85},"end":{"line":54,"column":null}}],"line":54},"12":{"loc":{"start":{"line":56,"column":8},"end":{"line":67,"column":null}},"type":"if","locations":[{"start":{"line":56,"column":8},"end":{"line":67,"column":null}},{"start":{},"end":{}}],"line":56},"13":{"loc":{"start":{"line":57,"column":24},"end":{"line":57,"column":40}},"type":"binary-expr","locations":[{"start":{"line":57,"column":24},"end":{"line":57,"column":39}},{"start":{"line":57,"column":39},"end":{"line":57,"column":40}}],"line":57},"14":{"loc":{"start":{"line":63,"column":9},"end":{"line":63,"column":null}},"type":"binary-expr","locations":[{"start":{"line":63,"column":9},"end":{"line":63,"column":20}},{"start":{"line":63,"column":24},"end":{"line":63,"column":null}}],"line":63},"15":{"loc":{"start":{"line":65,"column":26},"end":{"line":65,"column":null}},"type":"binary-expr","locations":[{"start":{"line":65,"column":26},"end":{"line":65,"column":49}},{"start":{"line":65,"column":49},"end":{"line":65,"column":null}}],"line":65},"16":{"loc":{"start":{"line":72,"column":43},"end":{"line":72,"column":86}},"type":"cond-expr","locations":[{"start":{"line":72,"column":52},"end":{"line":72,"column":71}},{"start":{"line":72,"column":71},"end":{"line":72,"column":86}}],"line":72},"17":{"loc":{"start":{"line":76,"column":2},"end":{"line":76,"column":null}},"type":"cond-expr","locations":[{"start":{"line":76,"column":17},"end":{"line":76,"column":49}},{"start":{"line":76,"column":52},"end":{"line":76,"column":null}}],"line":76},"18":{"loc":{"start":{"line":99,"column":6},"end":{"line":104,"column":null}},"type":"if","locations":[{"start":{"line":99,"column":6},"end":{"line":104,"column":null}},{"start":{"line":102,"column":13},"end":{"line":104,"column":null}}],"line":99},"19":{"loc":{"start":{"line":99,"column":10},"end":{"line":99,"column":67}},"type":"binary-expr","locations":[{"start":{"line":99,"column":10},"end":{"line":99,"column":28}},{"start":{"line":99,"column":32},"end":{"line":99,"column":67}}],"line":99},"20":{"loc":{"start":{"line":114,"column":4},"end":{"line":123,"column":null}},"type":"switch","locations":[{"start":{"line":115,"column":6},"end":{"line":116,"column":null}},{"start":{"line":117,"column":6},"end":{"line":118,"column":null}},{"start":{"line":119,"column":6},"end":{"line":120,"column":null}},{"start":{"line":121,"column":6},"end":{"line":122,"column":null}}],"line":114},"21":{"loc":{"start":{"line":151,"column":13},"end":{"line":151,"column":null}},"type":"cond-expr","locations":[{"start":{"line":151,"column":28},"end":{"line":151,"column":43}},{"start":{"line":151,"column":43},"end":{"line":151,"column":null}}],"line":151},"22":{"loc":{"start":{"line":165,"column":33},"end":{"line":167,"column":null}},"type":"cond-expr","locations":[{"start":{"line":165,"column":66},"end":{"line":165,"column":null}},{"start":{"line":166,"column":33},"end":{"line":167,"column":null}}],"line":165},"23":{"loc":{"start":{"line":166,"column":33},"end":{"line":167,"column":null}},"type":"cond-expr","locations":[{"start":{"line":166,"column":68},"end":{"line":166,"column":null}},{"start":{"line":167,"column":33},"end":{"line":167,"column":null}}],"line":166},"24":{"loc":{"start":{"line":178,"column":27},"end":{"line":179,"column":null}},"type":"cond-expr","locations":[{"start":{"line":178,"column":60},"end":{"line":178,"column":null}},{"start":{"line":179,"column":27},"end":{"line":179,"column":null}}],"line":178},"25":{"loc":{"start":{"line":179,"column":27},"end":{"line":179,"column":null}},"type":"cond-expr","locations":[{"start":{"line":179,"column":62},"end":{"line":179,"column":72}},{"start":{"line":179,"column":72},"end":{"line":179,"column":null}}],"line":179},"26":{"loc":{"start":{"line":185,"column":27},"end":{"line":186,"column":null}},"type":"cond-expr","locations":[{"start":{"line":185,"column":60},"end":{"line":185,"column":null}},{"start":{"line":186,"column":27},"end":{"line":186,"column":null}}],"line":185},"27":{"loc":{"start":{"line":186,"column":27},"end":{"line":186,"column":null}},"type":"cond-expr","locations":[{"start":{"line":186,"column":65},"end":{"line":186,"column":75}},{"start":{"line":186,"column":75},"end":{"line":186,"column":null}}],"line":186}},"s":{"0":0,"1":0,"2":0,"3":0,"4":0,"5":0,"6":0,"7":0,"8":0,"9":0,"10":0,"11":0,"12":0,"13":0,"14":0,"15":0,"16":0,"17":0,"18":0,"19":0,"20":0,"21":0,"22":0,"23":0,"24":0,"25":0,"26":0,"27":0,"28":0,"29":0,"30":0,"31":0,"32":0,"33":0,"34":0,"35":0,"36":0,"37":0,"38":0,"39":0,"40":0,"41":0,"42":0,"43":0,"44":0,"45":0,"46":0,"47":0,"48":0,"49":0,"50":0,"51":0},"f":{"0":0,"1":0,"2":0,"3":0,"4":0,"5":0,"6":0,"7":0,"8":0,"9":0,"10":0,"11":0,"12":0,"13":0,"14":0},"b":{"0":[0,0],"1":[0,0],"2":[0,0],"3":[0,0],"4":[0,0],"5":[0,0],"6":[0,0],"7":[0,0],"8":[0,0],"9":[0,0],"10":[0,0],"11":[0,0],"12":[0,0],"13":[0,0],"14":[0,0],"15":[0,0],"16":[0,0],"17":[0,0],"18":[0,0],"19":[0,0],"20":[0,0,0,0],"21":[0,0],"22":[0,0],"23":[0,0],"24":[0,0],"25":[0,0],"26":[0,0],"27":[0,0]},"meta":{"lastBranch":28,"lastFunction":15,"lastStatement":52,"seen":{"f:23:24:23:36":0,"s:24:37:24:Infinity":0,"s:25:39:25:Infinity":1,"s:26:21:26:Infinity":2,"s:27:22:27:Infinity":3,"s:28:15:28:Infinity":4,"s:29:18:29:Infinity":5,"s:31:36:111:Infinity":6,"f:31:36:31:Infinity":1,"s:32:4:32:Infinity":7,"s:34:4:110:Infinity":8,"s:35:24:35:Infinity":9,"b:37:6:68:Infinity:51:13:68:Infinity":0,"s:37:6:68:Infinity":10,"s:38:21:38:Infinity":11,"b:38:22:38:37:38:37:38:38":1,"f:38:46:38:51":2,"s:38:51:38:Infinity":12,"s:39:30:39:Infinity":13,"b:39:31:39:47:39:47:39:48":2,"f:39:58:39:63":3,"s:39:63:39:Infinity":14,"s:40:29:40:Infinity":15,"b:40:30:40:42:40:42:40:43":3,"f:40:53:40:58":4,"s:40:58:40:Infinity":16,"b:40:58:40:83:40:83:40:Infinity":4,"b:42:8:50:Infinity:undefined:undefined:undefined:undefined":5,"s:42:8:50:Infinity":17,"s:43:10:49:Infinity":18,"f:47:45:47:50":5,"s:47:50:47:73":19,"b:48:15:48:32:48:36:48:Infinity":6,"f:49:50:49:55":6,"s:49:55:49:64":20,"b:51:13:68:Infinity:undefined:undefined:undefined:undefined":7,"s:51:13:68:Infinity":21,"s:52:22:52:Infinity":22,"b:52:23:52:39:52:39:52:40":8,"f:52:48:52:53":7,"s:52:53:52:Infinity":23,"s:53:27:53:Infinity":24,"b:53:28:53:37:53:37:53:38":9,"f:53:48:53:53":8,"s:53:53:53:Infinity":25,"s:54:30:54:Infinity":26,"b:54:31:54:43:54:43:54:44":10,"f:54:54:54:59":9,"s:54:59:54:Infinity":27,"b:54:59:54:85:54:85:54:Infinity":11,"b:56:8:67:Infinity:undefined:undefined:undefined:undefined":12,"s:56:8:67:Infinity":28,"s:57:23:57:Infinity":29,"b:57:24:57:39:57:39:57:40":13,"f:57:48:57:53":10,"s:57:53:57:80":30,"s:58:10:66:Infinity":31,"b:63:9:63:20:63:24:63:Infinity":14,"f:64:39:64:44":11,"s:64:44:64:56":32,"b:65:26:65:49:65:49:65:Infinity":15,"f:66:51:66:56":12,"s:66:56:66:65":33,"s:70:25:94:2":34,"b:72:52:72:71:72:71:72:86":16,"b:76:17:76:49:76:52:76:Infinity":17,"s:96:23:96:Infinity":35,"s:97:21:97:Infinity":36,"b:99:6:104:Infinity:102:13:104:Infinity":18,"s:99:6:104:Infinity":37,"b:99:10:99:28:99:32:99:67":19,"s:100:8:100:Infinity":38,"s:101:8:101:Infinity":39,"s:103:8:103:Infinity":40,"s:106:6:106:Infinity":41,"s:107:6:107:Infinity":42,"s:109:6:109:Infinity":43,"s:113:27:124:Infinity":44,"f:113:27:113:28":13,"b:115:6:116:Infinity:117:6:118:Infinity:119:6:120:Infinity:121:6:122:Infinity":20,"s:114:4:123:Infinity":45,"s:116:8:116:Infinity":46,"s:118:8:118:Infinity":47,"s:120:8:120:Infinity":48,"s:122:8:122:Infinity":49,"s:126:26:135:Infinity":50,"f:126:26:126:27":14,"s:127:4:134:Infinity":51,"b:151:28:151:43:151:43:151:Infinity":21,"b:165:66:165:Infinity:166:33:167:Infinity":22,"b:166:68:166:Infinity:167:33:167:Infinity":23,"b:178:60:178:Infinity:179:27:179:Infinity":24,"b:179:62:179:72:179:72:179:Infinity":25,"b:185:60:185:Infinity:186:27:186:Infinity":26,"b:186:65:186:75:186:75:186:Infinity":27}}}
,"/home/runner/work/pipedesk-koa/pipedesk-koa/src/components/ActivityHistory.tsx": {"path":"/home/runner/work/pipedesk-koa/pipedesk-koa/src/components/ActivityHistory.tsx","statementMap":{"0":{"start":{"line":58,"column":21},"end":{"line":58,"column":null}},"1":{"start":{"line":59,"column":15},"end":{"line":59,"column":null}},"2":{"start":{"line":61,"column":29},"end":{"line":69,"column":null}},"3":{"start":{"line":63,"column":6},"end":{"line":65,"column":null}},"4":{"start":{"line":64,"column":8},"end":{"line":64,"column":null}},"5":{"start":{"line":66,"column":6},"end":{"line":66,"column":null}},"6":{"start":{"line":68,"column":20},"end":{"line":68,"column":null}},"7":{"start":{"line":71,"column":18},"end":{"line":73,"column":null}},"8":{"start":{"line":72,"column":4},"end":{"line":72,"column":null}},"9":{"start":{"line":72,"column":35},"end":{"line":72,"column":null}},"10":{"start":{"line":75,"column":26},"end":{"line":100,"column":null}},"11":{"start":{"line":76,"column":4},"end":{"line":99,"column":null}},"12":{"start":{"line":102,"column":27},"end":{"line":127,"column":null}},"13":{"start":{"line":103,"column":4},"end":{"line":126,"column":null}},"14":{"start":{"line":105,"column":8},"end":{"line":105,"column":null}},"15":{"start":{"line":107,"column":8},"end":{"line":107,"column":null}},"16":{"start":{"line":109,"column":8},"end":{"line":109,"column":null}},"17":{"start":{"line":111,"column":8},"end":{"line":111,"column":null}},"18":{"start":{"line":113,"column":8},"end":{"line":113,"column":null}},"19":{"start":{"line":115,"column":8},"end":{"line":115,"column":null}},"20":{"start":{"line":117,"column":8},"end":{"line":117,"column":null}},"21":{"start":{"line":119,"column":8},"end":{"line":119,"column":null}},"22":{"start":{"line":121,"column":8},"end":{"line":121,"column":null}},"23":{"start":{"line":123,"column":8},"end":{"line":123,"column":null}},"24":{"start":{"line":125,"column":8},"end":{"line":125,"column":null}},"25":{"start":{"line":129,"column":29},"end":{"line":146,"column":null}},"26":{"start":{"line":130,"column":4},"end":{"line":145,"column":null}},"27":{"start":{"line":132,"column":8},"end":{"line":132,"column":null}},"28":{"start":{"line":134,"column":8},"end":{"line":134,"column":null}},"29":{"start":{"line":136,"column":8},"end":{"line":136,"column":null}},"30":{"start":{"line":138,"column":8},"end":{"line":138,"column":null}},"31":{"start":{"line":140,"column":8},"end":{"line":140,"column":null}},"32":{"start":{"line":142,"column":8},"end":{"line":142,"column":null}},"33":{"start":{"line":144,"column":8},"end":{"line":144,"column":null}},"34":{"start":{"line":148,"column":2},"end":{"line":154,"column":null}},"35":{"start":{"line":160,"column":23},"end":{"line":160,"column":null}},"36":{"start":{"line":161,"column":26},"end":{"line":161,"column":null}},"37":{"start":{"line":162,"column":31},"end":{"line":162,"column":null}},"38":{"start":{"line":163,"column":27},"end":{"line":164,"column":null}},"39":{"start":{"line":242,"column":2},"end":{"line":259,"column":null}},"40":{"start":{"line":243,"column":24},"end":{"line":243,"column":33}},"41":{"start":{"line":245,"column":39},"end":{"line":249,"column":null}},"42":{"start":{"line":251,"column":23},"end":{"line":251,"column":null}},"43":{"start":{"line":253,"column":23},"end":{"line":253,"column":null}},"44":{"start":{"line":254,"column":23},"end":{"line":256,"column":null}},"45":{"start":{"line":258,"column":4},"end":{"line":258,"column":null}}},"fnMap":{"0":{"name":"ActivityHistory","decl":{"start":{"line":52,"column":24},"end":{"line":52,"column":40}},"loc":{"start":{"line":57,"column":23},"end":{"line":239,"column":null}},"line":57},"1":{"name":"(anonymous_1)","decl":{"start":{"line":62,"column":12},"end":{"line":62,"column":null}},"loc":{"start":{"line":62,"column":12},"end":{"line":67,"column":null}},"line":62},"2":{"name":"(anonymous_2)","decl":{"start":{"line":68,"column":10},"end":{"line":68,"column":11}},"loc":{"start":{"line":68,"column":20},"end":{"line":68,"column":null}},"line":68},"3":{"name":"(anonymous_3)","decl":{"start":{"line":71,"column":18},"end":{"line":71,"column":19}},"loc":{"start":{"line":71,"column":19},"end":{"line":73,"column":null}},"line":71},"4":{"name":"(anonymous_4)","decl":{"start":{"line":72,"column":30},"end":{"line":72,"column":35}},"loc":{"start":{"line":72,"column":35},"end":{"line":72,"column":null}},"line":72},"5":{"name":"(anonymous_5)","decl":{"start":{"line":75,"column":26},"end":{"line":75,"column":27}},"loc":{"start":{"line":75,"column":27},"end":{"line":100,"column":null}},"line":75},"6":{"name":"(anonymous_6)","decl":{"start":{"line":102,"column":27},"end":{"line":102,"column":28}},"loc":{"start":{"line":102,"column":28},"end":{"line":127,"column":null}},"line":102},"7":{"name":"(anonymous_7)","decl":{"start":{"line":129,"column":29},"end":{"line":129,"column":30}},"loc":{"start":{"line":129,"column":30},"end":{"line":146,"column":null}},"line":129},"8":{"name":"(anonymous_8)","decl":{"start":{"line":159,"column":32},"end":{"line":159,"column":33}},"loc":{"start":{"line":159,"column":43},"end":{"line":235,"column":null}},"line":159},"9":{"name":"logActivity","decl":{"start":{"line":241,"column":16},"end":{"line":241,"column":28}},"loc":{"start":{"line":241,"column":77},"end":{"line":260,"column":null}},"line":241},"10":{"name":"(anonymous_10)","decl":{"start":{"line":242,"column":62},"end":{"line":242,"column":null}},"loc":{"start":{"line":242,"column":62},"end":{"line":259,"column":null}},"line":242}},"branchMap":{"0":{"loc":{"start":{"line":55,"column":2},"end":{"line":55,"column":12}},"type":"default-arg","locations":[{"start":{"line":55,"column":10},"end":{"line":55,"column":12}}],"line":55},"1":{"loc":{"start":{"line":56,"column":2},"end":{"line":56,"column":17}},"type":"default-arg","locations":[{"start":{"line":56,"column":13},"end":{"line":56,"column":17}}],"line":56},"2":{"loc":{"start":{"line":61,"column":30},"end":{"line":61,"column":46}},"type":"binary-expr","locations":[{"start":{"line":61,"column":30},"end":{"line":61,"column":45}},{"start":{"line":61,"column":45},"end":{"line":61,"column":46}}],"line":61},"3":{"loc":{"start":{"line":63,"column":6},"end":{"line":65,"column":null}},"type":"if","locations":[{"start":{"line":63,"column":6},"end":{"line":65,"column":null}},{"start":{},"end":{}}],"line":63},"4":{"loc":{"start":{"line":63,"column":10},"end":{"line":63,"column":34}},"type":"binary-expr","locations":[{"start":{"line":63,"column":10},"end":{"line":63,"column":22}},{"start":{"line":63,"column":22},"end":{"line":63,"column":34}}],"line":63},"5":{"loc":{"start":{"line":64,"column":15},"end":{"line":64,"column":null}},"type":"binary-expr","locations":[{"start":{"line":64,"column":15},"end":{"line":64,"column":49}},{"start":{"line":64,"column":49},"end":{"line":64,"column":null}}],"line":64},"6":{"loc":{"start":{"line":72,"column":12},"end":{"line":72,"column":22}},"type":"binary-expr","locations":[{"start":{"line":72,"column":12},"end":{"line":72,"column":21}},{"start":{"line":72,"column":21},"end":{"line":72,"column":22}}],"line":72},"7":{"loc":{"start":{"line":103,"column":4},"end":{"line":126,"column":null}},"type":"switch","locations":[{"start":{"line":104,"column":6},"end":{"line":105,"column":null}},{"start":{"line":106,"column":6},"end":{"line":107,"column":null}},{"start":{"line":108,"column":6},"end":{"line":109,"column":null}},{"start":{"line":110,"column":6},"end":{"line":111,"column":null}},{"start":{"line":112,"column":6},"end":{"line":113,"column":null}},{"start":{"line":114,"column":6},"end":{"line":115,"column":null}},{"start":{"line":116,"column":6},"end":{"line":117,"column":null}},{"start":{"line":118,"column":6},"end":{"line":119,"column":null}},{"start":{"line":120,"column":6},"end":{"line":121,"column":null}},{"start":{"line":122,"column":6},"end":{"line":123,"column":null}},{"start":{"line":124,"column":6},"end":{"line":125,"column":null}}],"line":103},"8":{"loc":{"start":{"line":130,"column":4},"end":{"line":145,"column":null}},"type":"switch","locations":[{"start":{"line":131,"column":6},"end":{"line":132,"column":null}},{"start":{"line":133,"column":6},"end":{"line":134,"column":null}},{"start":{"line":135,"column":6},"end":{"line":136,"column":null}},{"start":{"line":137,"column":6},"end":{"line":138,"column":null}},{"start":{"line":139,"column":6},"end":{"line":140,"column":null}},{"start":{"line":141,"column":6},"end":{"line":142,"column":null}},{"start":{"line":143,"column":6},"end":{"line":144,"column":null}}],"line":130},"9":{"loc":{"start":{"line":148,"column":2},"end":{"line":154,"column":null}},"type":"if","locations":[{"start":{"line":148,"column":2},"end":{"line":154,"column":null}},{"start":{},"end":{}}],"line":148},"10":{"loc":{"start":{"line":162,"column":31},"end":{"line":162,"column":null}},"type":"cond-expr","locations":[{"start":{"line":162,"column":43},"end":{"line":162,"column":72}},{"start":{"line":162,"column":75},"end":{"line":162,"column":null}}],"line":162},"11":{"loc":{"start":{"line":163,"column":27},"end":{"line":164,"column":null}},"type":"binary-expr","locations":[{"start":{"line":163,"column":27},"end":{"line":163,"column":null}},{"start":{"line":164,"column":12},"end":{"line":164,"column":null}}],"line":163},"12":{"loc":{"start":{"line":183,"column":31},"end":{"line":183,"column":null}},"type":"cond-expr","locations":[{"start":{"line":183,"column":41},"end":{"line":183,"column":63}},{"start":{"line":183,"column":63},"end":{"line":183,"column":null}}],"line":183},"13":{"loc":{"start":{"line":189,"column":39},"end":{"line":189,"column":null}},"type":"binary-expr","locations":[{"start":{"line":189,"column":39},"end":{"line":189,"column":53}},{"start":{"line":189,"column":53},"end":{"line":189,"column":null}}],"line":189},"14":{"loc":{"start":{"line":199,"column":59},"end":{"line":199,"column":null}},"type":"binary-expr","locations":[{"start":{"line":199,"column":59},"end":{"line":199,"column":73}},{"start":{"line":199,"column":73},"end":{"line":199,"column":null}}],"line":199},"15":{"loc":{"start":{"line":243,"column":24},"end":{"line":243,"column":33}},"type":"binary-expr","locations":[{"start":{"line":243,"column":24},"end":{"line":243,"column":31}},{"start":{"line":243,"column":31},"end":{"line":243,"column":33}}],"line":243},"16":{"loc":{"start":{"line":254,"column":23},"end":{"line":256,"column":null}},"type":"cond-expr","locations":[{"start":{"line":255,"column":8},"end":{"line":255,"column":null}},{"start":{"line":256,"column":8},"end":{"line":256,"column":null}}],"line":254}},"s":{"0":0,"1":0,"2":0,"3":0,"4":0,"5":0,"6":0,"7":0,"8":0,"9":0,"10":0,"11":0,"12":0,"13":0,"14":0,"15":0,"16":0,"17":0,"18":0,"19":0,"20":0,"21":0,"22":0,"23":0,"24":0,"25":0,"26":0,"27":0,"28":0,"29":0,"30":0,"31":0,"32":0,"33":0,"34":0,"35":0,"36":0,"37":0,"38":0,"39":0,"40":0,"41":0,"42":0,"43":0,"44":0,"45":0},"f":{"0":0,"1":0,"2":0,"3":0,"4":0,"5":0,"6":0,"7":0,"8":0,"9":0,"10":0},"b":{"0":[0],"1":[0],"2":[0,0],"3":[0,0],"4":[0,0],"5":[0,0],"6":[0,0],"7":[0,0,0,0,0,0,0,0,0,0,0],"8":[0,0,0,0,0,0,0],"9":[0,0],"10":[0,0],"11":[0,0],"12":[0,0],"13":[0,0],"14":[0,0],"15":[0,0],"16":[0,0]},"meta":{"lastBranch":17,"lastFunction":11,"lastStatement":46,"seen":{"f:52:24:52:40":0,"b:55:10:55:12":0,"b:56:13:56:17":1,"s:58:21:58:Infinity":0,"s:59:15:59:Infinity":1,"s:61:29:69:Infinity":2,"b:61:30:61:45:61:45:61:46":2,"f:62:12:62:Infinity":1,"b:63:6:65:Infinity:undefined:undefined:undefined:undefined":3,"s:63:6:65:Infinity":3,"b:63:10:63:22:63:22:63:34":4,"s:64:8:64:Infinity":4,"b:64:15:64:49:64:49:64:Infinity":5,"s:66:6:66:Infinity":5,"f:68:10:68:11":2,"s:68:20:68:Infinity":6,"s:71:18:73:Infinity":7,"f:71:18:71:19":3,"s:72:4:72:Infinity":8,"b:72:12:72:21:72:21:72:22":6,"f:72:30:72:35":4,"s:72:35:72:Infinity":9,"s:75:26:100:Infinity":10,"f:75:26:75:27":5,"s:76:4:99:Infinity":11,"s:102:27:127:Infinity":12,"f:102:27:102:28":6,"b:104:6:105:Infinity:106:6:107:Infinity:108:6:109:Infinity:110:6:111:Infinity:112:6:113:Infinity:114:6:115:Infinity:116:6:117:Infinity:118:6:119:Infinity:120:6:121:Infinity:122:6:123:Infinity:124:6:125:Infinity":7,"s:103:4:126:Infinity":13,"s:105:8:105:Infinity":14,"s:107:8:107:Infinity":15,"s:109:8:109:Infinity":16,"s:111:8:111:Infinity":17,"s:113:8:113:Infinity":18,"s:115:8:115:Infinity":19,"s:117:8:117:Infinity":20,"s:119:8:119:Infinity":21,"s:121:8:121:Infinity":22,"s:123:8:123:Infinity":23,"s:125:8:125:Infinity":24,"s:129:29:146:Infinity":25,"f:129:29:129:30":7,"b:131:6:132:Infinity:133:6:134:Infinity:135:6:136:Infinity:137:6:138:Infinity:139:6:140:Infinity:141:6:142:Infinity:143:6:144:Infinity":8,"s:130:4:145:Infinity":26,"s:132:8:132:Infinity":27,"s:134:8:134:Infinity":28,"s:136:8:136:Infinity":29,"s:138:8:138:Infinity":30,"s:140:8:140:Infinity":31,"s:142:8:142:Infinity":32,"s:144:8:144:Infinity":33,"b:148:2:154:Infinity:undefined:undefined:undefined:undefined":9,"s:148:2:154:Infinity":34,"f:159:32:159:33":8,"s:160:23:160:Infinity":35,"s:161:26:161:Infinity":36,"s:162:31:162:Infinity":37,"b:162:43:162:72:162:75:162:Infinity":10,"s:163:27:164:Infinity":38,"b:163:27:163:Infinity:164:12:164:Infinity":11,"b:183:41:183:63:183:63:183:Infinity":12,"b:189:39:189:53:189:53:189:Infinity":13,"b:199:59:199:73:199:73:199:Infinity":14,"f:241:16:241:28":9,"s:242:2:259:Infinity":39,"f:242:62:242:Infinity":10,"s:243:24:243:33":40,"b:243:24:243:31:243:31:243:33":15,"s:245:39:249:Infinity":41,"s:251:23:251:Infinity":42,"s:253:23:253:Infinity":43,"s:254:23:256:Infinity":44,"b:255:8:255:Infinity:256:8:256:Infinity":16,"s:258:4:258:Infinity":45}}}
,"/home/runner/work/pipedesk-koa/pipedesk-koa/src/components/ActivitySummarizer.tsx": {"path":"/home/runner/work/pipedesk-koa/pipedesk-koa/src/components/ActivitySummarizer.tsx","statementMap":{"0":{"start":{"line":33,"column":33},"end":{"line":33,"column":null}},"1":{"start":{"line":34,"column":18},"end":{"line":34,"column":null}},"2":{"start":{"line":35,"column":15},"end":{"line":35,"column":null}},"3":{"start":{"line":36,"column":22},"end":{"line":36,"column":null}},"4":{"start":{"line":37,"column":22},"end":{"line":37,"column":null}},"5":{"start":{"line":38,"column":21},"end":{"line":38,"column":null}},"6":{"start":{"line":40,"column":43},"end":{"line":40,"column":null}},"7":{"start":{"line":41,"column":39},"end":{"line":41,"column":null}},"8":{"start":{"line":42,"column":41},"end":{"line":42,"column":null}},"9":{"start":{"line":44,"column":25},"end":{"line":49,"column":null}},"10":{"start":{"line":45,"column":10},"end":{"line":45,"column":null}},"11":{"start":{"line":46,"column":20},"end":{"line":46,"column":null}},"12":{"start":{"line":47,"column":10},"end":{"line":47,"column":null}},"13":{"start":{"line":48,"column":4},"end":{"line":48,"column":null}},"14":{"start":{"line":51,"column":28},"end":{"line":91,"column":null}},"15":{"start":{"line":52,"column":27},"end":{"line":52,"column":null}},"16":{"start":{"line":55,"column":29},"end":{"line":59,"column":null}},"17":{"start":{"line":56,"column":6},"end":{"line":56,"column":null}},"18":{"start":{"line":56,"column":35},"end":{"line":56,"column":null}},"19":{"start":{"line":57,"column":24},"end":{"line":57,"column":null}},"20":{"start":{"line":58,"column":6},"end":{"line":58,"column":null}},"21":{"start":{"line":61,"column":26},"end":{"line":72,"column":null}},"22":{"start":{"line":62,"column":6},"end":{"line":68,"column":null}},"23":{"start":{"line":63,"column":8},"end":{"line":63,"column":null}},"24":{"start":{"line":66,"column":22},"end":{"line":66,"column":null}},"25":{"start":{"line":66,"column":45},"end":{"line":66,"column":69}},"26":{"start":{"line":67,"column":8},"end":{"line":67,"column":null}},"27":{"start":{"line":70,"column":24},"end":{"line":70,"column":null}},"28":{"start":{"line":71,"column":6},"end":{"line":71,"column":null}},"29":{"start":{"line":74,"column":33},"end":{"line":84,"column":null}},"30":{"start":{"line":75,"column":6},"end":{"line":80,"column":null}},"31":{"start":{"line":76,"column":8},"end":{"line":76,"column":null}},"32":{"start":{"line":78,"column":22},"end":{"line":78,"column":null}},"33":{"start":{"line":78,"column":45},"end":{"line":78,"column":69}},"34":{"start":{"line":79,"column":8},"end":{"line":79,"column":null}},"35":{"start":{"line":82,"column":24},"end":{"line":82,"column":null}},"36":{"start":{"line":83,"column":6},"end":{"line":83,"column":null}},"37":{"start":{"line":86,"column":4},"end":{"line":90,"column":null}},"38":{"start":{"line":93,"column":30},"end":{"line":144,"column":null}},"39":{"start":{"line":94,"column":27},"end":{"line":94,"column":null}},"40":{"start":{"line":95,"column":23},"end":{"line":95,"column":null}},"41":{"start":{"line":98,"column":27},"end":{"line":102,"column":null}},"42":{"start":{"line":99,"column":6},"end":{"line":99,"column":null}},"43":{"start":{"line":99,"column":35},"end":{"line":99,"column":null}},"44":{"start":{"line":100,"column":6},"end":{"line":100,"column":null}},"45":{"start":{"line":100,"column":36},"end":{"line":100,"column":null}},"46":{"start":{"line":105,"column":20},"end":{"line":111,"column":null}},"47":{"start":{"line":108,"column":49},"end":{"line":108,"column":81}},"48":{"start":{"line":109,"column":51},"end":{"line":109,"column":113}},"49":{"start":{"line":114,"column":25},"end":{"line":141,"column":1}},"50":{"start":{"line":124,"column":44},"end":{"line":124,"column":161}},"51":{"start":{"line":127,"column":41},"end":{"line":127,"column":81}},"52":{"start":{"line":130,"column":35},"end":{"line":130,"column":99}},"53":{"start":{"line":139,"column":31},"end":{"line":139,"column":43}},"54":{"start":{"line":139,"column":101},"end":{"line":139,"column":113}},"55":{"start":{"line":140,"column":31},"end":{"line":140,"column":94}},"56":{"start":{"line":140,"column":146},"end":{"line":140,"column":209}},"57":{"start":{"line":143,"column":4},"end":{"line":143,"column":null}},"58":{"start":{"line":146,"column":32},"end":{"line":173,"column":null}},"59":{"start":{"line":147,"column":4},"end":{"line":147,"column":null}},"60":{"start":{"line":148,"column":4},"end":{"line":172,"column":null}},"61":{"start":{"line":149,"column":44},"end":{"line":149,"column":null}},"62":{"start":{"line":150,"column":29},"end":{"line":150,"column":null}},"63":{"start":{"line":152,"column":42},"end":{"line":162,"column":null}},"64":{"start":{"line":164,"column":6},"end":{"line":164,"column":null}},"65":{"start":{"line":165,"column":6},"end":{"line":165,"column":null}},"66":{"start":{"line":166,"column":6},"end":{"line":166,"column":null}},"67":{"start":{"line":168,"column":6},"end":{"line":168,"column":null}},"68":{"start":{"line":169,"column":6},"end":{"line":169,"column":null}},"69":{"start":{"line":171,"column":6},"end":{"line":171,"column":null}},"70":{"start":{"line":175,"column":30},"end":{"line":189,"column":null}},"71":{"start":{"line":176,"column":4},"end":{"line":176,"column":null}},"72":{"start":{"line":176,"column":24},"end":{"line":176,"column":null}},"73":{"start":{"line":178,"column":17},"end":{"line":178,"column":null}},"74":{"start":{"line":179,"column":16},"end":{"line":179,"column":null}},"75":{"start":{"line":180,"column":14},"end":{"line":180,"column":null}},"76":{"start":{"line":181,"column":4},"end":{"line":181,"column":null}},"77":{"start":{"line":182,"column":4},"end":{"line":182,"column":null}},"78":{"start":{"line":183,"column":4},"end":{"line":183,"column":null}},"79":{"start":{"line":184,"column":4},"end":{"line":184,"column":null}},"80":{"start":{"line":185,"column":4},"end":{"line":185,"column":null}},"81":{"start":{"line":186,"column":4},"end":{"line":186,"column":null}},"82":{"start":{"line":188,"column":4},"end":{"line":188,"column":null}},"83":{"start":{"line":192,"column":28},"end":{"line":194,"column":null}},"84":{"start":{"line":193,"column":17},"end":{"line":193,"column":null}},"85":{"start":{"line":194,"column":20},"end":{"line":194,"column":null}},"86":{"start":{"line":196,"column":24},"end":{"line":196,"column":44}},"87":{"start":{"line":202,"column":63},"end":{"line":202,"column":null}},"88":{"start":{"line":303,"column":35},"end":{"line":337,"column":13}},"89":{"start":{"line":307,"column":31},"end":{"line":307,"column":null}}},"fnMap":{"0":{"name":"ActivitySummarizer","decl":{"start":{"line":32,"column":16},"end":{"line":32,"column":35}},"loc":{"start":{"line":32,"column":84},"end":{"line":350,"column":null}},"line":32},"1":{"name":"(anonymous_1)","decl":{"start":{"line":44,"column":25},"end":{"line":44,"column":null}},"loc":{"start":{"line":44,"column":25},"end":{"line":49,"column":null}},"line":44},"2":{"name":"(anonymous_2)","decl":{"start":{"line":51,"column":28},"end":{"line":51,"column":null}},"loc":{"start":{"line":51,"column":28},"end":{"line":91,"column":null}},"line":51},"3":{"name":"(anonymous_3)","decl":{"start":{"line":55,"column":45},"end":{"line":55,"column":null}},"loc":{"start":{"line":55,"column":45},"end":{"line":59,"column":null}},"line":55},"4":{"name":"(anonymous_4)","decl":{"start":{"line":61,"column":39},"end":{"line":61,"column":null}},"loc":{"start":{"line":61,"column":39},"end":{"line":69,"column":7}},"line":61},"5":{"name":"(anonymous_5)","decl":{"start":{"line":66,"column":40},"end":{"line":66,"column":45}},"loc":{"start":{"line":66,"column":45},"end":{"line":66,"column":69}},"line":66},"6":{"name":"(anonymous_6)","decl":{"start":{"line":69,"column":14},"end":{"line":69,"column":null}},"loc":{"start":{"line":69,"column":14},"end":{"line":72,"column":null}},"line":69},"7":{"name":"(anonymous_7)","decl":{"start":{"line":74,"column":53},"end":{"line":74,"column":null}},"loc":{"start":{"line":74,"column":53},"end":{"line":81,"column":7}},"line":74},"8":{"name":"(anonymous_8)","decl":{"start":{"line":78,"column":40},"end":{"line":78,"column":45}},"loc":{"start":{"line":78,"column":45},"end":{"line":78,"column":69}},"line":78},"9":{"name":"(anonymous_9)","decl":{"start":{"line":81,"column":14},"end":{"line":81,"column":null}},"loc":{"start":{"line":81,"column":14},"end":{"line":84,"column":null}},"line":81},"10":{"name":"(anonymous_10)","decl":{"start":{"line":93,"column":30},"end":{"line":93,"column":null}},"loc":{"start":{"line":93,"column":30},"end":{"line":144,"column":null}},"line":93},"11":{"name":"(anonymous_11)","decl":{"start":{"line":98,"column":27},"end":{"line":98,"column":null}},"loc":{"start":{"line":98,"column":27},"end":{"line":102,"column":null}},"line":98},"12":{"name":"(anonymous_12)","decl":{"start":{"line":108,"column":44},"end":{"line":108,"column":49}},"loc":{"start":{"line":108,"column":49},"end":{"line":108,"column":81}},"line":108},"13":{"name":"(anonymous_13)","decl":{"start":{"line":109,"column":46},"end":{"line":109,"column":51}},"loc":{"start":{"line":109,"column":51},"end":{"line":109,"column":113}},"line":109},"14":{"name":"(anonymous_14)","decl":{"start":{"line":124,"column":39},"end":{"line":124,"column":44}},"loc":{"start":{"line":124,"column":44},"end":{"line":124,"column":161}},"line":124},"15":{"name":"(anonymous_15)","decl":{"start":{"line":127,"column":36},"end":{"line":127,"column":41}},"loc":{"start":{"line":127,"column":41},"end":{"line":127,"column":81}},"line":127},"16":{"name":"(anonymous_16)","decl":{"start":{"line":130,"column":30},"end":{"line":130,"column":35}},"loc":{"start":{"line":130,"column":35},"end":{"line":130,"column":99}},"line":130},"17":{"name":"(anonymous_17)","decl":{"start":{"line":139,"column":26},"end":{"line":139,"column":31}},"loc":{"start":{"line":139,"column":31},"end":{"line":139,"column":43}},"line":139},"18":{"name":"(anonymous_18)","decl":{"start":{"line":139,"column":96},"end":{"line":139,"column":101}},"loc":{"start":{"line":139,"column":101},"end":{"line":139,"column":113}},"line":139},"19":{"name":"(anonymous_19)","decl":{"start":{"line":140,"column":26},"end":{"line":140,"column":31}},"loc":{"start":{"line":140,"column":31},"end":{"line":140,"column":94}},"line":140},"20":{"name":"(anonymous_20)","decl":{"start":{"line":140,"column":141},"end":{"line":140,"column":146}},"loc":{"start":{"line":140,"column":146},"end":{"line":140,"column":209}},"line":140},"21":{"name":"(anonymous_21)","decl":{"start":{"line":146,"column":32},"end":{"line":146,"column":null}},"loc":{"start":{"line":146,"column":32},"end":{"line":173,"column":null}},"line":146},"22":{"name":"(anonymous_22)","decl":{"start":{"line":175,"column":30},"end":{"line":175,"column":null}},"loc":{"start":{"line":175,"column":30},"end":{"line":189,"column":null}},"line":175},"23":{"name":"(anonymous_23)","decl":{"start":{"line":193,"column":12},"end":{"line":193,"column":17}},"loc":{"start":{"line":193,"column":17},"end":{"line":193,"column":null}},"line":193},"24":{"name":"(anonymous_24)","decl":{"start":{"line":194,"column":10},"end":{"line":194,"column":11}},"loc":{"start":{"line":194,"column":20},"end":{"line":194,"column":null}},"line":194},"25":{"name":"(anonymous_25)","decl":{"start":{"line":202,"column":56},"end":{"line":202,"column":57}},"loc":{"start":{"line":202,"column":63},"end":{"line":202,"column":null}},"line":202},"26":{"name":"(anonymous_26)","decl":{"start":{"line":303,"column":34},"end":{"line":303,"column":35}},"loc":{"start":{"line":303,"column":35},"end":{"line":337,"column":13}},"line":303},"27":{"name":"(anonymous_27)","decl":{"start":{"line":307,"column":25},"end":{"line":307,"column":31}},"loc":{"start":{"line":307,"column":31},"end":{"line":307,"column":null}},"line":307}},"branchMap":{"0":{"loc":{"start":{"line":56,"column":6},"end":{"line":56,"column":null}},"type":"if","locations":[{"start":{"line":56,"column":6},"end":{"line":56,"column":null}},{"start":{},"end":{}}],"line":56},"1":{"loc":{"start":{"line":58,"column":13},"end":{"line":58,"column":null}},"type":"binary-expr","locations":[{"start":{"line":58,"column":13},"end":{"line":58,"column":35}},{"start":{"line":58,"column":35},"end":{"line":58,"column":null}}],"line":58},"2":{"loc":{"start":{"line":62,"column":6},"end":{"line":68,"column":null}},"type":"if","locations":[{"start":{"line":62,"column":6},"end":{"line":68,"column":null}},{"start":{"line":64,"column":13},"end":{"line":68,"column":null}}],"line":62},"3":{"loc":{"start":{"line":71,"column":13},"end":{"line":71,"column":null}},"type":"binary-expr","locations":[{"start":{"line":71,"column":13},"end":{"line":71,"column":35}},{"start":{"line":71,"column":35},"end":{"line":71,"column":null}}],"line":71},"4":{"loc":{"start":{"line":75,"column":6},"end":{"line":80,"column":null}},"type":"if","locations":[{"start":{"line":75,"column":6},"end":{"line":80,"column":null}},{"start":{"line":77,"column":13},"end":{"line":80,"column":null}}],"line":75},"5":{"loc":{"start":{"line":83,"column":13},"end":{"line":83,"column":null}},"type":"binary-expr","locations":[{"start":{"line":83,"column":13},"end":{"line":83,"column":35}},{"start":{"line":83,"column":35},"end":{"line":83,"column":null}}],"line":83},"6":{"loc":{"start":{"line":99,"column":6},"end":{"line":99,"column":null}},"type":"if","locations":[{"start":{"line":99,"column":6},"end":{"line":99,"column":null}},{"start":{},"end":{}}],"line":99},"7":{"loc":{"start":{"line":100,"column":6},"end":{"line":100,"column":null}},"type":"if","locations":[{"start":{"line":100,"column":6},"end":{"line":100,"column":null}},{"start":{},"end":{}}],"line":100},"8":{"loc":{"start":{"line":109,"column":51},"end":{"line":109,"column":113}},"type":"binary-expr","locations":[{"start":{"line":109,"column":51},"end":{"line":109,"column":62}},{"start":{"line":109,"column":66},"end":{"line":109,"column":77}},{"start":{"line":109,"column":81},"end":{"line":109,"column":113}}],"line":109},"9":{"loc":{"start":{"line":124,"column":124},"end":{"line":124,"column":161}},"type":"cond-expr","locations":[{"start":{"line":124,"column":149},"end":{"line":124,"column":157}},{"start":{"line":124,"column":157},"end":{"line":124,"column":161}}],"line":124},"10":{"loc":{"start":{"line":127,"column":56},"end":{"line":127,"column":81}},"type":"cond-expr","locations":[{"start":{"line":127,"column":70},"end":{"line":127,"column":77}},{"start":{"line":127,"column":77},"end":{"line":127,"column":81}}],"line":127},"11":{"loc":{"start":{"line":133,"column":2},"end":{"line":133,"column":null}},"type":"cond-expr","locations":[{"start":{"line":133,"column":31},"end":{"line":133,"column":96}},{"start":{"line":133,"column":99},"end":{"line":133,"column":null}}],"line":133},"12":{"loc":{"start":{"line":134,"column":2},"end":{"line":134,"column":null}},"type":"cond-expr","locations":[{"start":{"line":134,"column":29},"end":{"line":134,"column":79}},{"start":{"line":134,"column":82},"end":{"line":134,"column":null}}],"line":134},"13":{"loc":{"start":{"line":135,"column":2},"end":{"line":135,"column":null}},"type":"cond-expr","locations":[{"start":{"line":135,"column":30},"end":{"line":135,"column":105}},{"start":{"line":135,"column":108},"end":{"line":135,"column":null}}],"line":135},"14":{"loc":{"start":{"line":136,"column":2},"end":{"line":136,"column":null}},"type":"cond-expr","locations":[{"start":{"line":136,"column":64},"end":{"line":136,"column":100}},{"start":{"line":136,"column":100},"end":{"line":136,"column":null}}],"line":136},"15":{"loc":{"start":{"line":136,"column":2},"end":{"line":136,"column":64}},"type":"binary-expr","locations":[{"start":{"line":136,"column":2},"end":{"line":136,"column":33}},{"start":{"line":136,"column":33},"end":{"line":136,"column":64}}],"line":136},"16":{"loc":{"start":{"line":139,"column":2},"end":{"line":139,"column":null}},"type":"cond-expr","locations":[{"start":{"line":139,"column":58},"end":{"line":139,"column":145}},{"start":{"line":139,"column":148},"end":{"line":139,"column":null}}],"line":139},"17":{"loc":{"start":{"line":140,"column":2},"end":{"line":140,"column":null}},"type":"cond-expr","locations":[{"start":{"line":140,"column":107},"end":{"line":140,"column":239}},{"start":{"line":140,"column":242},"end":{"line":140,"column":null}}],"line":140},"18":{"loc":{"start":{"line":140,"column":31},"end":{"line":140,"column":94}},"type":"binary-expr","locations":[{"start":{"line":140,"column":31},"end":{"line":140,"column":43}},{"start":{"line":140,"column":47},"end":{"line":140,"column":56}},{"start":{"line":140,"column":60},"end":{"line":140,"column":94}}],"line":140},"19":{"loc":{"start":{"line":140,"column":146},"end":{"line":140,"column":209}},"type":"binary-expr","locations":[{"start":{"line":140,"column":146},"end":{"line":140,"column":158}},{"start":{"line":140,"column":162},"end":{"line":140,"column":171}},{"start":{"line":140,"column":175},"end":{"line":140,"column":209}}],"line":140},"20":{"loc":{"start":{"line":176,"column":4},"end":{"line":176,"column":null}},"type":"if","locations":[{"start":{"line":176,"column":4},"end":{"line":176,"column":null}},{"start":{},"end":{}}],"line":176},"21":{"loc":{"start":{"line":193,"column":17},"end":{"line":193,"column":null}},"type":"binary-expr","locations":[{"start":{"line":193,"column":17},"end":{"line":193,"column":44}},{"start":{"line":193,"column":44},"end":{"line":193,"column":null}}],"line":193},"22":{"loc":{"start":{"line":234,"column":13},"end":{"line":234,"column":null}},"type":"cond-expr","locations":[{"start":{"line":234,"column":28},"end":{"line":234,"column":43}},{"start":{"line":234,"column":43},"end":{"line":234,"column":null}}],"line":234},"23":{"loc":{"start":{"line":264,"column":11},"end":{"line":264,"column":null}},"type":"binary-expr","locations":[{"start":{"line":264,"column":11},"end":{"line":264,"column":28}},{"start":{"line":264,"column":28},"end":{"line":264,"column":null}}],"line":264},"24":{"loc":{"start":{"line":271,"column":50},"end":{"line":271,"column":79}},"type":"binary-expr","locations":[{"start":{"line":271,"column":50},"end":{"line":271,"column":67}},{"start":{"line":271,"column":67},"end":{"line":271,"column":79}}],"line":271},"25":{"loc":{"start":{"line":274,"column":20},"end":{"line":274,"column":49}},"type":"binary-expr","locations":[{"start":{"line":274,"column":20},"end":{"line":274,"column":37}},{"start":{"line":274,"column":37},"end":{"line":274,"column":49}}],"line":274},"26":{"loc":{"start":{"line":276,"column":25},"end":{"line":276,"column":54}},"type":"binary-expr","locations":[{"start":{"line":276,"column":25},"end":{"line":276,"column":42}},{"start":{"line":276,"column":42},"end":{"line":276,"column":54}}],"line":276},"27":{"loc":{"start":{"line":283,"column":35},"end":{"line":283,"column":64}},"type":"binary-expr","locations":[{"start":{"line":283,"column":35},"end":{"line":283,"column":52}},{"start":{"line":283,"column":52},"end":{"line":283,"column":64}}],"line":283},"28":{"loc":{"start":{"line":321,"column":25},"end":{"line":324,"column":null}},"type":"cond-expr","locations":[{"start":{"line":321,"column":59},"end":{"line":321,"column":null}},{"start":{"line":322,"column":25},"end":{"line":324,"column":null}}],"line":321},"29":{"loc":{"start":{"line":322,"column":25},"end":{"line":324,"column":null}},"type":"cond-expr","locations":[{"start":{"line":322,"column":60},"end":{"line":322,"column":null}},{"start":{"line":323,"column":25},"end":{"line":324,"column":null}}],"line":322},"30":{"loc":{"start":{"line":323,"column":25},"end":{"line":324,"column":null}},"type":"cond-expr","locations":[{"start":{"line":323,"column":61},"end":{"line":323,"column":null}},{"start":{"line":324,"column":25},"end":{"line":324,"column":null}}],"line":323}},"s":{"0":0,"1":0,"2":0,"3":0,"4":0,"5":0,"6":0,"7":0,"8":0,"9":0,"10":0,"11":0,"12":0,"13":0,"14":0,"15":0,"16":0,"17":0,"18":0,"19":0,"20":0,"21":0,"22":0,"23":0,"24":0,"25":0,"26":0,"27":0,"28":0,"29":0,"30":0,"31":0,"32":0,"33":0,"34":0,"35":0,"36":0,"37":0,"38":0,"39":0,"40":0,"41":0,"42":0,"43":0,"44":0,"45":0,"46":0,"47":0,"48":0,"49":0,"50":0,"51":0,"52":0,"53":0,"54":0,"55":0,"56":0,"57":0,"58":0,"59":0,"60":0,"61":0,"62":0,"63":0,"64":0,"65":0,"66":0,"67":0,"68":0,"69":0,"70":0,"71":0,"72":0,"73":0,"74":0,"75":0,"76":0,"77":0,"78":0,"79":0,"80":0,"81":0,"82":0,"83":0,"84":0,"85":0,"86":0,"87":0,"88":0,"89":0},"f":{"0":0,"1":0,"2":0,"3":0,"4":0,"5":0,"6":0,"7":0,"8":0,"9":0,"10":0,"11":0,"12":0,"13":0,"14":0,"15":0,"16":0,"17":0,"18":0,"19":0,"20":0,"21":0,"22":0,"23":0,"24":0,"25":0,"26":0,"27":0},"b":{"0":[0,0],"1":[0,0],"2":[0,0],"3":[0,0],"4":[0,0],"5":[0,0],"6":[0,0],"7":[0,0],"8":[0,0,0],"9":[0,0],"10":[0,0],"11":[0,0],"12":[0,0],"13":[0,0],"14":[0,0],"15":[0,0],"16":[0,0],"17":[0,0],"18":[0,0,0],"19":[0,0,0],"20":[0,0],"21":[0,0],"22":[0,0],"23":[0,0],"24":[0,0],"25":[0,0],"26":[0,0],"27":[0,0],"28":[0,0],"29":[0,0],"30":[0,0]},"meta":{"lastBranch":31,"lastFunction":28,"lastStatement":90,"seen":{"f:32:16:32:35":0,"s:33:33:33:Infinity":0,"s:34:18:34:Infinity":1,"s:35:15:35:Infinity":2,"s:36:22:36:Infinity":3,"s:37:22:37:Infinity":4,"s:38:21:38:Infinity":5,"s:40:43:40:Infinity":6,"s:41:39:41:Infinity":7,"s:42:41:42:Infinity":8,"s:44:25:49:Infinity":9,"f:44:25:44:Infinity":1,"s:45:10:45:Infinity":10,"s:46:20:46:Infinity":11,"s:47:10:47:Infinity":12,"s:48:4:48:Infinity":13,"s:51:28:91:Infinity":14,"f:51:28:51:Infinity":2,"s:52:27:52:Infinity":15,"s:55:29:59:Infinity":16,"f:55:45:55:Infinity":3,"b:56:6:56:Infinity:undefined:undefined:undefined:undefined":0,"s:56:6:56:Infinity":17,"s:56:35:56:Infinity":18,"s:57:24:57:Infinity":19,"s:58:6:58:Infinity":20,"b:58:13:58:35:58:35:58:Infinity":1,"s:61:26:72:Infinity":21,"f:61:39:61:Infinity":4,"b:62:6:68:Infinity:64:13:68:Infinity":2,"s:62:6:68:Infinity":22,"s:63:8:63:Infinity":23,"s:66:22:66:Infinity":24,"f:66:40:66:45":5,"s:66:45:66:69":25,"s:67:8:67:Infinity":26,"f:69:14:69:Infinity":6,"s:70:24:70:Infinity":27,"s:71:6:71:Infinity":28,"b:71:13:71:35:71:35:71:Infinity":3,"s:74:33:84:Infinity":29,"f:74:53:74:Infinity":7,"b:75:6:80:Infinity:77:13:80:Infinity":4,"s:75:6:80:Infinity":30,"s:76:8:76:Infinity":31,"s:78:22:78:Infinity":32,"f:78:40:78:45":8,"s:78:45:78:69":33,"s:79:8:79:Infinity":34,"f:81:14:81:Infinity":9,"s:82:24:82:Infinity":35,"s:83:6:83:Infinity":36,"b:83:13:83:35:83:35:83:Infinity":5,"s:86:4:90:Infinity":37,"s:93:30:144:Infinity":38,"f:93:30:93:Infinity":10,"s:94:27:94:Infinity":39,"s:95:23:95:Infinity":40,"s:98:27:102:Infinity":41,"f:98:27:98:Infinity":11,"b:99:6:99:Infinity:undefined:undefined:undefined:undefined":6,"s:99:6:99:Infinity":42,"s:99:35:99:Infinity":43,"b:100:6:100:Infinity:undefined:undefined:undefined:undefined":7,"s:100:6:100:Infinity":44,"s:100:36:100:Infinity":45,"s:105:20:111:Infinity":46,"f:108:44:108:49":12,"s:108:49:108:81":47,"f:109:46:109:51":13,"s:109:51:109:113":48,"b:109:51:109:62:109:66:109:77:109:81:109:113":8,"s:114:25:141:1":49,"f:124:39:124:44":14,"s:124:44:124:161":50,"b:124:149:124:157:124:157:124:161":9,"f:127:36:127:41":15,"s:127:41:127:81":51,"b:127:70:127:77:127:77:127:81":10,"f:130:30:130:35":16,"s:130:35:130:99":52,"b:133:31:133:96:133:99:133:Infinity":11,"b:134:29:134:79:134:82:134:Infinity":12,"b:135:30:135:105:135:108:135:Infinity":13,"b:136:64:136:100:136:100:136:Infinity":14,"b:136:2:136:33:136:33:136:64":15,"b:139:58:139:145:139:148:139:Infinity":16,"f:139:26:139:31":17,"s:139:31:139:43":53,"f:139:96:139:101":18,"s:139:101:139:113":54,"b:140:107:140:239:140:242:140:Infinity":17,"f:140:26:140:31":19,"s:140:31:140:94":55,"b:140:31:140:43:140:47:140:56:140:60:140:94":18,"f:140:141:140:146":20,"s:140:146:140:209":56,"b:140:146:140:158:140:162:140:171:140:175:140:209":19,"s:143:4:143:Infinity":57,"s:146:32:173:Infinity":58,"f:146:32:146:Infinity":21,"s:147:4:147:Infinity":59,"s:148:4:172:Infinity":60,"s:149:44:149:Infinity":61,"s:150:29:150:Infinity":62,"s:152:42:162:Infinity":63,"s:164:6:164:Infinity":64,"s:165:6:165:Infinity":65,"s:166:6:166:Infinity":66,"s:168:6:168:Infinity":67,"s:169:6:169:Infinity":68,"s:171:6:171:Infinity":69,"s:175:30:189:Infinity":70,"f:175:30:175:Infinity":22,"b:176:4:176:Infinity:undefined:undefined:undefined:undefined":20,"s:176:4:176:Infinity":71,"s:176:24:176:Infinity":72,"s:178:17:178:Infinity":73,"s:179:16:179:Infinity":74,"s:180:14:180:Infinity":75,"s:181:4:181:Infinity":76,"s:182:4:182:Infinity":77,"s:183:4:183:Infinity":78,"s:184:4:184:Infinity":79,"s:185:4:185:Infinity":80,"s:186:4:186:Infinity":81,"s:188:4:188:Infinity":82,"s:192:28:194:Infinity":83,"f:193:12:193:17":23,"s:193:17:193:Infinity":84,"b:193:17:193:44:193:44:193:Infinity":21,"f:194:10:194:11":24,"s:194:20:194:Infinity":85,"s:196:24:196:44":86,"f:202:56:202:57":25,"s:202:63:202:Infinity":87,"b:234:28:234:43:234:43:234:Infinity":22,"b:264:11:264:28:264:28:264:Infinity":23,"b:271:50:271:67:271:67:271:79":24,"b:274:20:274:37:274:37:274:49":25,"b:276:25:276:42:276:42:276:54":26,"b:283:35:283:52:283:52:283:64":27,"f:303:34:303:35":26,"s:303:35:337:13":88,"f:307:25:307:31":27,"s:307:31:307:Infinity":89,"b:321:59:321:Infinity:322:25:324:Infinity":28,"b:322:60:322:Infinity:323:25:324:Infinity":29,"b:323:61:323:Infinity:324:25:324:Infinity":30}}}
,"/home/runner/work/pipedesk-koa/pipedesk-koa/src/components/AuditLogView.tsx": {"path":"/home/runner/work/pipedesk-koa/pipedesk-koa/src/components/AuditLogView.tsx","statementMap":{"0":{"start":{"line":47,"column":23},"end":{"line":47,"column":null}},"1":{"start":{"line":48,"column":25},"end":{"line":48,"column":null}},"2":{"start":{"line":49,"column":29},"end":{"line":49,"column":null}},"3":{"start":{"line":50,"column":37},"end":{"line":50,"column":null}},"4":{"start":{"line":51,"column":39},"end":{"line":51,"column":null}},"5":{"start":{"line":52,"column":49},"end":{"line":52,"column":null}},"6":{"start":{"line":53,"column":31},"end":{"line":53,"column":null}},"7":{"start":{"line":54,"column":27},"end":{"line":54,"column":null}},"8":{"start":{"line":55,"column":23},"end":{"line":55,"column":null}},"9":{"start":{"line":56,"column":23},"end":{"line":56,"column":null}},"10":{"start":{"line":58,"column":2},"end":{"line":61,"column":null}},"11":{"start":{"line":59,"column":4},"end":{"line":59,"column":null}},"12":{"start":{"line":60,"column":4},"end":{"line":60,"column":null}},"13":{"start":{"line":63,"column":20},"end":{"line":75,"column":null}},"14":{"start":{"line":64,"column":4},"end":{"line":74,"column":null}},"15":{"start":{"line":65,"column":30},"end":{"line":68,"column":null}},"16":{"start":{"line":70,"column":6},"end":{"line":70,"column":null}},"17":{"start":{"line":70,"column":17},"end":{"line":70,"column":null}},"18":{"start":{"line":71,"column":6},"end":{"line":71,"column":null}},"19":{"start":{"line":73,"column":6},"end":{"line":73,"column":null}},"20":{"start":{"line":77,"column":19},"end":{"line":135,"column":null}},"21":{"start":{"line":78,"column":4},"end":{"line":134,"column":null}},"22":{"start":{"line":79,"column":6},"end":{"line":79,"column":null}},"23":{"start":{"line":81,"column":18},"end":{"line":97,"column":null}},"24":{"start":{"line":100,"column":6},"end":{"line":102,"column":null}},"25":{"start":{"line":101,"column":8},"end":{"line":101,"column":null}},"26":{"start":{"line":104,"column":6},"end":{"line":106,"column":null}},"27":{"start":{"line":105,"column":8},"end":{"line":105,"column":null}},"28":{"start":{"line":108,"column":6},"end":{"line":110,"column":null}},"29":{"start":{"line":109,"column":8},"end":{"line":109,"column":null}},"30":{"start":{"line":112,"column":6},"end":{"line":116,"column":null}},"31":{"start":{"line":113,"column":25},"end":{"line":113,"column":null}},"32":{"start":{"line":114,"column":8},"end":{"line":114,"column":null}},"33":{"start":{"line":115,"column":8},"end":{"line":115,"column":null}},"34":{"start":{"line":118,"column":30},"end":{"line":118,"column":null}},"35":{"start":{"line":120,"column":6},"end":{"line":120,"column":null}},"36":{"start":{"line":120,"column":17},"end":{"line":120,"column":null}},"37":{"start":{"line":123,"column":30},"end":{"line":127,"column":null}},"38":{"start":{"line":123,"column":62},"end":{"line":127,"column":null}},"39":{"start":{"line":129,"column":6},"end":{"line":129,"column":null}},"40":{"start":{"line":131,"column":6},"end":{"line":131,"column":null}},"41":{"start":{"line":133,"column":6},"end":{"line":133,"column":null}},"42":{"start":{"line":137,"column":25},"end":{"line":148,"column":null}},"43":{"start":{"line":138,"column":4},"end":{"line":140,"column":null}},"44":{"start":{"line":141,"column":4},"end":{"line":143,"column":null}},"45":{"start":{"line":144,"column":4},"end":{"line":146,"column":null}},"46":{"start":{"line":150,"column":29},"end":{"line":162,"column":null}},"47":{"start":{"line":153,"column":44},"end":{"line":159,"column":null}},"48":{"start":{"line":164,"column":25},"end":{"line":170,"column":null}},"49":{"start":{"line":165,"column":4},"end":{"line":169,"column":null}},"50":{"start":{"line":166,"column":6},"end":{"line":166,"column":null}},"51":{"start":{"line":168,"column":6},"end":{"line":168,"column":null}},"52":{"start":{"line":172,"column":23},"end":{"line":178,"column":null}},"53":{"start":{"line":174,"column":6},"end":{"line":176,"column":null}},"54":{"start":{"line":177,"column":4},"end":{"line":177,"column":null}},"55":{"start":{"line":180,"column":29},"end":{"line":187,"column":null}},"56":{"start":{"line":181,"column":4},"end":{"line":181,"column":null}},"57":{"start":{"line":182,"column":4},"end":{"line":182,"column":null}},"58":{"start":{"line":183,"column":4},"end":{"line":183,"column":null}},"59":{"start":{"line":184,"column
[...]
,"/home/runner/work/pipedesk-koa/pipedesk-koa/src/lib/phaseValidation.ts": {"path":"/home/runner/work/pipedesk-koa/pipedesk-koa/src/lib/phaseValidation.ts","statementMap":{"0":{"start":{"line":34,"column":98},"end":{"line":43,"column":null}},"1":{"start":{"line":45,"column":74},"end":{"line":51,"column":null}},"2":{"start":{"line":53,"column":67},"end":{"line":61,"column":null}},"3":{"start":{"line":64,"column":2},"end":{"line":70,"column":null}},"4":{"start":{"line":65,"column":16},"end":{"line":65,"column":null}},"5":{"start":{"line":66,"column":4},"end":{"line":66,"column":null}},"6":{"start":{"line":67,"column":9},"end":{"line":70,"column":null}},"7":{"start":{"line":68,"column":16},"end":{"line":68,"column":null}},"8":{"start":{"line":69,"column":4},"end":{"line":69,"column":null}},"9":{"start":{"line":71,"column":2},"end":{"line":71,"column":null}},"10":{"start":{"line":75,"column":2},"end":{"line":109,"column":null}},"11":{"start":{"line":77,"column":6},"end":{"line":77,"column":null}},"12":{"start":{"line":77,"column":32},"end":{"line":77,"column":null}},"13":{"start":{"line":78,"column":6},"end":{"line":78,"column":null}},"14":{"start":{"line":78,"column":37},"end":{"line":78,"column":null}},"15":{"start":{"line":79,"column":6},"end":{"line":79,"column":null}},"16":{"start":{"line":82,"column":6},"end":{"line":82,"column":null}},"17":{"start":{"line":82,"column":32},"end":{"line":82,"column":null}},"18":{"start":{"line":83,"column":6},"end":{"line":83,"column":null}},"19":{"start":{"line":83,"column":37},"end":{"line":83,"column":null}},"20":{"start":{"line":84,"column":6},"end":{"line":84,"column":null}},"21":{"start":{"line":87,"column":6},"end":{"line":87,"column":null}},"22":{"start":{"line":90,"column":6},"end":{"line":90,"column":null}},"23":{"start":{"line":93,"column":6},"end":{"line":93,"column":null}},"24":{"start":{"line":96,"column":6},"end":{"line":96,"column":null}},"25":{"start":{"line":99,"column":6},"end":{"line":101,"column":null}},"26":{"start":{"line":100,"column":8},"end":{"line":100,"column":null}},"27":{"start":{"line":102,"column":6},"end":{"line":104,"column":null}},"28":{"start":{"line":103,"column":8},"end":{"line":103,"column":null}},"29":{"start":{"line":105,"column":6},"end":{"line":105,"column":null}},"30":{"start":{"line":108,"column":6},"end":{"line":108,"column":null}},"31":{"start":{"line":118,"column":26},"end":{"line":121,"column":null}},"32":{"start":{"line":119,"column":12},"end":{"line":121,"column":null}},"33":{"start":{"line":124,"column":2},"end":{"line":130,"column":null}},"34":{"start":{"line":125,"column":4},"end":{"line":129,"column":null}},"35":{"start":{"line":132,"column":48},"end":{"line":132,"column":50}},"36":{"start":{"line":133,"column":34},"end":{"line":133,"column":36}},"37":{"start":{"line":135,"column":2},"end":{"line":157,"column":null}},"38":{"start":{"line":136,"column":47},"end":{"line":136,"column":49}},"39":{"start":{"line":138,"column":4},"end":{"line":148,"column":null}},"40":{"start":{"line":139,"column":26},"end":{"line":139,"column":63}},"41":{"start":{"line":140,"column":6},"end":{"line":140,"column":null}},"42":{"start":{"line":140,"column":24},"end":{"line":140,"column":null}},"43":{"start":{"line":142,"column":20},"end":{"line":142,"column":null}},"44":{"start":{"line":143,"column":29},"end":{"line":143,"column":null}},"45":{"start":{"line":145,"column":6},"end":{"line":147,"column":null}},"46":{"start":{"line":146,"column":8},"end":{"line":146,"column":null}},"47":{"start":{"line":150,"column":4},"end":{"line":156,"column":null}},"48":{"start":{"line":151,"column":6},"end":{"line":151,"column":null}},"49":{"start":{"line":152,"column":6},"end":{"line":152,"column":null}},"50":{"start":{"line":153,"column":11},"end":{"line":156,"column":null}},"51":{"start":{"line":154,"column":6},"end":{"line":154,"column":null}},"52":{"start":{"line":155,"column":6},"end":{"line":155,"column":null}},"53":{"start":{"line":159,"column":2},"end":{"line":165,"column":null}},"54":{"start":{"line":160,"column":4},"end":{"line":164,"column":null}},"55":{"start":{"line":167,"column":2},"end":{"line":171,"column":null}},"56":{"start":{"line":175,"column":46},"end":{"line":181,"column":null}},"57":{"start":{"line":182,"column":2},"end":{"line":182,"column":null}},"58":{"start":{"line":186,"column":16},"end":{"line":186,"column":53}},"59":{"start":{"line":187,"column":19},"end":{"line":187,"column":54}},"60":{"start":{"line":189,"column":2},"end":{"line":191,"column":null}},"61":{"start":{"line":190,"column":4},"end":{"line":190,"column":null}},"62":{"start":{"line":193,"column":2},"end":{"line":193,"column":null}}},"fnMap":{"0":{"name":"getFieldValue","decl":{"start":{"line":63,"column":9},"end":{"line":63,"column":23}},"loc":{"start":{"line":63,"column":90},"end":{"line":72,"column":null}},"line":63},"1":{"name":"evaluateCondition","decl":{"start":{"line":74,"column":9},"end":{"line":74,"column":27}},"loc":{"start":{"line":74,"column":64},"end":{"line":110,"column":null}},"line":74},"2":{"name":"validatePhaseTransition","decl":{"start":{"line":112,"column":16},"end":{"line":112,"column":null}},"loc":{"start":{"line":116,"column":30},"end":{"line":172,"column":null}},"line":116},"3":{"name":"(anonymous_3)","decl":{"start":{"line":119,"column":4},"end":{"line":119,"column":12}},"loc":{"start":{"line":119,"column":12},"end":{"line":121,"column":null}},"line":119},"4":{"name":"getStageLabel","decl":{"start":{"line":174,"column":16},"end":{"line":174,"column":30}},"loc":{"start":{"line":174,"column":48},"end":{"line":183,"column":null}},"line":174},"5":{"name":"formatConditionDescription","decl":{"start":{"line":185,"column":16},"end":{"line":185,"column":43}},"loc":{"start":{"line":185,"column":68},"end":{"line":194,"column":null}},"line":185}},"branchMap":{"0":{"loc":{"start":{"line":64,"column":2},"end":{"line":70,"column":null}},"type":"if","locations":[{"start":{"line":64,"column":2},"end":{"line":70,"column":null}},{"start":{"line":67,"column":9},"end":{"line":70,"column":null}}],"line":64},"1":{"loc":{"start":{"line":64,"column":6},"end":{"line":64,"column":45}},"type":"binary-expr","locations":[{"start":{"line":64,"column":6},"end":{"line":64,"column":39}},{"start":{"line":64,"column":39},"end":{"line":64,"column":45}}],"line":64},"2":{"loc":{"start":{"line":67,"column":9},"end":{"line":70,"column":null}},"type":"if","locations":[{"start":{"line":67,"column":9},"end":{"line":70,"column":null}},{"start":{},"end":{}}],"line":67},"3":{"loc":{"start":{"line":75,"column":2},"end":{"line":109,"column":null}},"type":"switch","locations":[{"start":{"line":76,"column":4},"end":{"line":79,"column":null}},{"start":{"line":81,"column":4},"end":{"line":84,"column":null}},{"start":{"line":86,"column":4},"end":{"line":87,"column":null}},{"start":{"line":89,"column":4},"end":{"line":90,"column":null}},{"start":{"line":92,"column":4},"end":{"line":93,"column":null}},{"start":{"line":95,"column":4},"end":{"line":96,"column":null}},{"start":{"line":98,"column":4},"end":{"line":105,"column":null}},{"start":{"line":107,"column":4},"end":{"line":108,"column":null}}],"line":75},"4":{"loc":{"start":{"line":77,"column":6},"end":{"line":77,"column":null}},"type":"if","locations":[{"start":{"line":77,"column":6},"end":{"line":77,"column":null}},{"start":{},"end":{}}],"line":77},"5":{"loc":{"start":{"line":78,"column":6},"end":{"line":78,"column":null}},"type":"if","locations":[{"start":{"line":78,"column":6},"end":{"line":78,"column":null}},{"start":{},"end":{}}],"line":78},"6":{"loc":{"start":{"line":79,"column":13},"end":{"line":79,"column":null}},"type":"binary-expr","locations":[{"start":{"line":79,"column":13},"end":{"line":79,"column":31}},{"start":{"line":79,"column":31},"end":{"line":79,"column":54}},{"start":{"line":79,"column":54},"end":{"line":79,"column":null}}],"line":79},"7":{"loc":{"start":{"line":82,"column":6},"end":{"line":82,"column":null}},"type":"if","locations":[{"start":{"line":82,"column":6},"end":{"line":82,"column":null}},{"start":{},"end":{}}],"line":82},"8":{"loc":{"start":{"line":83,"column":6},"end":{"line":83,"column":null}},"type":"if","locations":[{"start":{"line":83,"column":6},"end":{"line":83,"column":null}},{"start":{},"end":{}}],"line":83},"9":{"loc":{"start":{"line":84,"column":13},"end":{"line":84,"column":null}},"type":"binary-expr","locations":[{"start":{"line":84,"column":13},"end":{"line":84,"column":31}},{"start":{"line":84,"column":31},"end":{"line":84,"column":54}},{"start":{"line":84,"column":54},"end":{"line":84,"column":null}}],"line":84},"10":{"loc":{"start":{"line":99,"column":6},"end":{"line":101,"column":null}},"type":"if","locations":[{"start":{"line":99,"column":6},"end":{"line":101,"column":null}},{"start":{},"end":{}}],"line":99},"11":{"loc":{"start":{"line":102,"column":6},"end":{"line":104,"column":null}},"type":"if","locations":[{"start":{"line":102,"column":6},"end":{"line":104,"column":null}},{"start":{},"end":{}}],"line":102},"12":{"loc":{"start":{"line":119,"column":12},"end":{"line":121,"column":null}},"type":"binary-expr","locations":[{"start":{"line":119,"column":12},"end":{"line":119,"column":24}},{"start":{"line":120,"column":5},"end":{"line":120,"column":33}},{"start":{"line":120,"column":33},"end":{"line":120,"column":69}},{"start":{"line":121,"column":4},"end":{"line":121,"column":null}}],"line":119},"13":{"loc":{"start":{"line":124,"column":2},"end":{"line":130,"column":null}},"type":"if","locations":[{"start":{"line":124,"column":2},"end":{"line":130,"column":null}},{"start":{},"end":{}}],"line":124},"14":{"loc":{"start":{"line":140,"column":6},"end":{"line":140,"column":null}},"type":"if","locations":[{"start":{"line":140,"column":6},"end":{"line":140,"column":null}},{"start":{},"end":{}}],"line":140},"15":{"loc":{"start":{"line":145,"column":6},"end":{"line":147,"column":null}},"type":"if","locations":[{"start":{"line":145,"column":6},"end":{"line":147,"column":null}},{"start":{},"end":{}}],"line":145},"16":{"loc":{"start":{"line":150,"column":4},"end":{"line":156,"column":null}},"type":"if","locations":[{"start":{"line":150,"column":4},"end":{"line":156,"column":null}},{"start":{"line":153,"column":11},"end":{"line":156,"column":null}}],"line":150},"17":{"loc":{"start":{"line":150,"column":8},"end":{"line":150,"column":56}},"type":"binary-expr","locations":[{"start":{"line":150,"column":8},"end":{"line":150,"column":23}},{"start":{"line":150,"column":27},"end":{"line":150,"column":56}}],"line":150},"18":{"loc":{"start":{"line":152,"column":25},"end":{"line":152,"column":null}},"type":"binary-expr","locations":[{"start":{"line":152,"column":25},"end":{"line":152,"column":42}},{"start":{"line":152,"column":46},"end":{"line":152,"column":null}}],"line":152},"19":{"loc":{"start":{"line":153,"column":11},"end":{"line":156,"column":null}},"type":"if","locations":[{"start":{"line":153,"column":11},"end":{"line":156,"column":null}},{"start":{},"end":{}}],"line":153},"20":{"loc":{"start":{"line":153,"column":15},"end":{"line":153,"column":85}},"type":"binary-expr","locations":[{"start":{"line":153,"column":15},"end":{"line":153,"column":31}},{"start":{"line":153,"column":35},"end":{"line":153,"column":85}}],"line":153},"21":{"loc":{"start":{"line":155,"column":25},"end":{"line":155,"column":null}},"type":"binary-expr","locations":[{"start":{"line":155,"column":25},"end":{"line":155,"column":42}},{"start":{"line":155,"column":46},"end":{"line":155,"column":null}}],"line":155},"22":{"loc":{"start":{"line":159,"column":2},"end":{"line":165,"column":null}},"type":"if","locations":[{"start":{"line":159,"column":2},"end":{"line":165,"column":null}},{"start":{},"end":{}}],"line":159},"23":{"loc":{"start":{"line":163,"column":20},"end":{"line":163,"column":null}},"type":"binary-expr","locations":[{"start":{"line":163,"column":20},"end":{"line":163,"column":36}},{"start":{"line":163,"column":40},"end":{"line":163,"column":null}}],"line":163},"24":{"loc":{"start":{"line":189,"column":2},"end":{"line":191,"column":null}},"type":"if","locations":[{"start":{"line":189,"column":2},"end":{"line":191,"column":null}},{"start":{},"end":{}}],"line":189},"25":{"loc":{"start":{"line":189,"column":6},"end":{"line":189,"column":79}},"type":"binary-expr","locations":[{"start":{"line":189,"column":6},"end":{"line":189,"column":44}},{"start":{"line":189,"column":44},"end":{"line":189,"column":79}}],"line":189},"26":{"loc":{"start":{"line":190,"column":14},"end":{"line":190,"column":49}},"type":"binary-expr","locations":[{"start":{"line":190,"column":14},"end":{"line":190,"column":30}},{"start":{"line":190,"column":30},"end":{"line":190,"column":49}}],"line":190},"27":{"loc":{"start":{"line":193,"column":12},"end":{"line":193,"column":47}},"type":"binary-expr","locations":[{"start":{"line":193,"column":12},"end":{"line":193,"column":28}},{"start":{"line":193,"column":28},"end":{"line":193,"column":47}}],"line":193}},"s":{"0":0,"1":0,"2":0,"3":0,"4":0,"5":0,"6":0,"7":0,"8":0,"9":0,"10":0,"11":0,"12":0,"13":0,"14":0,"15":0,"16":0,"17":0,"18":0,"19":0,"20":0,"21":0,"22":0,"23":0,"24":0,"25":0,"26":0,"27":0,"28":0,"29":0,"30":0,"31":0,"32":0,"33":0,"34":0,"35":0,"36":0,"37":0,"38":0,"39":0,"40":0,"41":0,"42":0,"43":0,"44":0,"45":0,"46":0,"47":0,"48":0,"49":0,"50":0,"51":0,"52":0,"53":0,"54":0,"55":0,"56":0,"57":0,"58":0,"59":0,"60":0,"61":0,"62":0},"f":{"0":0,"1":0,"2":0,"3":0,"4":0,"5":0},"b":{"0":[0,0],"1":[0,0],"2":[0,0],"3":[0,0,0,0,0,0,0,0],"4":[0,0],"5":[0,0],"6":[0,0,0],"7":[0,0],"8":[0,0],"9":[0,0,0],"10":[0,0],"11":[0,0],"12":[0,0,0,0],"13":[0,0],"14":[0,0],"15":[0,0],"16":[0,0],"17":[0,0],"18":[0,0],"19":[0,0],"20":[0,0],"21":[0,0],"22":[0,0],"23":[0,0],"24":[0,0],"25":[0,0],"26":[0,0],"27":[0,0]},"meta":{"lastBranch":28,"lastFunction":6,"lastStatement":63,"seen":{"s:34:98:43:Infinity":0,"s:45:74:51:Infinity":1,"s:53:67:61:Infinity":2,"f:63:9:63:23":0,"b:64:2:70:Infinity:67:9:70:Infinity":0,"s:64:2:70:Infinity":3,"b:64:6:64:39:64:39:64:45":1,"s:65:16:65:Infinity":4,"s:66:4:66:Infinity":5,"b:67:9:70:Infinity:undefined:undefined:undefined:undefined":2,"s:67:9:70:Infinity":6,"s:68:16:68:Infinity":7,"s:69:4:69:Infinity":8,"s:71:2:71:Infinity":9,"f:74:9:74:27":1,"b:76:4:79:Infinity:81:4:84:Infinity:86:4:87:Infinity:89:4:90:Infinity:92:4:93:Infinity:95:4:96:Infinity:98:4:105:Infinity:107:4:108:Infinity":3,"s:75:2:109:Infinity":10,"b:77:6:77:Infinity:undefined:undefined:undefined:undefined":4,"s:77:6:77:Infinity":11,"s:77:32:77:Infinity":12,"b:78:6:78:Infinity:undefined:undefined:undefined:undefined":5,"s:78:6:78:Infinity":13,"s:78:37:78:Infinity":14,"s:79:6:79:Infinity":15,"b:79:13:79:31:79:31:79:54:79:54:79:Infinity":6,"b:82:6:82:Infinity:undefined:undefined:undefined:undefined":7,"s:82:6:82:Infinity":16,"s:82:32:82:Infinity":17,"b:83:6:83:Infinity:undefined:undefined:undefined:undefined":8,"s:83:6:83:Infinity":18,"s:83:37:83:Infinity":19,"s:84:6:84:Infinity":20,"b:84:13:84:31:84:31:84:54:84:54:84:Infinity":9,"s:87:6:87:Infinity":21,"s:90:6:90:Infinity":22,"s:93:6:93:Infinity":23,"s:96:6:96:Infinity":24,"b:99:6:101:Infinity:undefined:undefined:undefined:undefined":10,"s:99:6:101:Infinity":25,"s:100:8:100:Infinity":26,"b:102:6:104:Infinity:undefined:undefined:undefined:undefined":11,"s:102:6:104:Infinity":27,"s:103:8:103:Infinity":28,"s:105:6:105:Infinity":29,"s:108:6:108:Infinity":30,"f:112:16:112:Infinity":2,"s:118:26:121:Infinity":31,"f:119:4:119:12":3,"s:119:12:121:Infinity":32,"b:119:12:119:24:120:5:120:33:120:33:120:69:121:4:121:Infinity":12,"b:124:2:130:Infinity:undefined:undefined:undefined:undefined":13,"s:124:2:130:Infinity":33,"s:125:4:129:Infinity":34,"s:132:48:132:50":35,"s:133:34:133:36":36,"s:135:2:157:Infinity":37,"s:136:47:136:49":38,"s:138:4:148:Infinity":39,"s:139:26:139:63":40,"b:140:6:140:Infinity:undefined:undefined:undefined:undefined":14,"s:140:6:140:Infinity":41,"s:140:24:140:Infinity":42,"s:142:20:142:Infinity":43,"s:143:29:143:Infinity":44,"b:145:6:147:Infinity:undefined:undefined:undefined:undefined":15,"s:145:6:147:Infinity":45,"s:146:8:146:Infinity":46,"b:150:4:156:Infinity:153:11:156:Infinity":16,"s:150:4:156:Infinity":47,"b:150:8:150:23:150:27:150:56":17,"s:151:6:151:Infinity":48,"s:152:6:152:Infinity":49,"b:152:25:152:42:152:46:152:Infinity":18,"b:153:11:156:Infinity:undefined:undefined:undefined:undefined":19,"s:153:11:156:Infinity":50,"b:153:15:153:31:153:35:153:85":20,"s:154:6:154:Infinity":51,"s:155:6:155:Infinity":52,"b:155:25:155:42:155:46:155:Infinity":21,"b:159:2:165:Infinity:undefined:undefined:undefined:undefined":22,"s:159:2:165:Infinity":53,"s:160:4:164:Infinity":54,"b:163:20:163:36:163:40:163:Infinity":23,"s:167:2:171:Infinity":55,"f:174:16:174:30":4,"s:175:46:181:Infinity":56,"s:182:2:182:Infinity":57,"f:185:16:185:43":5,"s:186:16:186:53":58,"s:187:19:187:54":59,"b:189:2:191:Infinity:undefined:undefined:undefined:undefined":24,"s:189:2:191:Infinity":60,"b:189:6:189:44:189:44:189:79":25,"s:190:4:190:Infinity":61,"b:190:14:190:30:190:30:190:49":26,"s:193:2:193:Infinity":62,"b:193:12:193:28:193:28:193:47":27}}}
,"/home/runner/work/pipedesk-koa/pipedesk-koa/src/lib/supabaseClient.ts": {"path":"/home/runner/work/pipedesk-koa/pipedesk-koa/src/lib/supabaseClient.ts","statementMap":{"0":{"start":{"line":3,"column":20},"end":{"line":3,"column":53}},"1":{"start":{"line":4,"column":24},"end":{"line":4,"column":62}},"2":{"start":{"line":6,"column":0},"end":{"line":8,"column":null}},"3":{"start":{"line":7,"column":2},"end":{"line":7,"column":null}},"4":{"start":{"line":10,"column":13},"end":{"line":10,"column":null}}},"fnMap":{},"branchMap":{"0":{"loc":{"start":{"line":6,"column":0},"end":{"line":8,"column":null}},"type":"if","locations":[{"start":{"line":6,"column":0},"end":{"line":8,"column":null}},{"start":{},"end":{}}],"line":6},"1":{"loc":{"start":{"line":6,"column":4},"end":{"line":6,"column":38}},"type":"binary-expr","locations":[{"start":{"line":6,"column":4},"end":{"line":6,"column":20}},{"start":{"line":6,"column":20},"end":{"line":6,"column":38}}],"line":6}},"s":{"0":0,"1":0,"2":0,"3":0,"4":0},"f":{},"b":{"0":[0,0],"1":[0,0]},"meta":{"lastBranch":2,"lastFunction":0,"lastStatement":5,"seen":{"s:3:20:3:53":0,"s:4:24:4:62":1,"b:6:0:8:Infinity:undefined:undefined:undefined:undefined":0,"s:6:0:8:Infinity":2,"b:6:4:6:20:6:20:6:38":1,"s:7:2:7:Infinity":3,"s:10:13:10:Infinity":4}}}
,"/home/runner/work/pipedesk-koa/pipedesk-koa/src/lib/types.ts": {"path":"/home/runner/work/pipedesk-koa/pipedesk-koa/src/lib/types.ts","statementMap":{"0":{"start":{"line":109,"column":64},"end":{"line":115,"column":null}},"1":{"start":{"line":187,"column":57},"end":{"line":193,"column":null}},"2":{"start":{"line":195,"column":57},"end":{"line":199,"column":null}},"3":{"start":{"line":201,"column":63},"end":{"line":206,"column":null}},"4":{"start":{"line":208,"column":53},"end":{"line":213,"column":null}},"5":{"start":{"line":215,"column":59},"end":{"line":220,"column":null}}},"fnMap":{},"branchMap":{},"s":{"0":2,"1":2,"2":2,"3":2,"4":2,"5":2},"f":{},"b":{},"meta":{"lastBranch":0,"lastFunction":0,"lastStatement":6,"seen":{"s:109:64:115:Infinity":0,"s:187:57:193:Infinity":1,"s:195:57:199:Infinity":2,"s:201:63:206:Infinity":3,"s:208:53:213:Infinity":4,"s:215:59:220:Infinity":5}}}
,"/home/runner/work/pipedesk-koa/pipedesk-koa/src/lib/utils.ts": {"path":"/home/runner/work/pipedesk-koa/pipedesk-koa/src/lib/utils.ts","statementMap":{"0":{"start":{"line":5,"column":2},"end":{"line":5,"column":null}}},"fnMap":{"0":{"name":"cn","decl":{"start":{"line":4,"column":16},"end":{"line":4,"column":19}},"loc":{"start":{"line":4,"column":42},"end":{"line":6,"column":null}},"line":4}},"branchMap":{},"s":{"0":1},"f":{"0":1},"b":{},"meta":{"lastBranch":0,"lastFunction":1,"lastStatement":1,"seen":{"f:4:16:4:19":0,"s:5:2:5:Infinity":0}}}
}
